Removed Pin From Net: NetName=GND Pin=C1-1
Removed Pin From Net: NetName=3V3 Pin=C1-2
Removed Pin From Net: NetName=GND Pin=C2-1
Removed Pin From Net: NetName=3V3 Pin=C2-2
Removed Pin From Net: NetName=GND Pin=C4-1
Removed Pin From Net: NetName=3V3 Pin=C4-2
Removed Pin From Net: NetName=GND Pin=C5-1
Removed Pin From Net: NetName=3V3 Pin=C5-2
Removed Pin From Net: NetName=GND Pin=C7-1
Removed Pin From Net: NetName=3V3 Pin=C7-2
Removed Pin From Net: NetName=GND Pin=C8-1
Removed Pin From Net: NetName=3V3 Pin=C8-2
Removed Pin From Net: NetName=NetC3_1 Pin=M1-1
Removed Pin From Net: NetName=NetC3_2 Pin=M1-2
Removed Pin From Net: NetName=NetC6_1 Pin=M2-1
Removed Pin From Net: NetName=NetC6_2 Pin=M2-2
Removed Pin From Net: NetName=NetC9_1 Pin=M3-1
Removed Pin From Net: NetName=NetC9_2 Pin=M3-2
Change Component Footprint: Designator=C1 Old Footprint=C1206 New Footprint=FP-GRM31C-0_2-e0_3_0_8-IPC_C
Change Component Footprint: Designator=C2 Old Footprint=C1206 New Footprint=FP-GRM31C-0_2-e0_3_0_8-IPC_C
Change Component Footprint: Designator=C4 Old Footprint=C1206 New Footprint=FP-GRM31C-0_2-e0_3_0_8-IPC_C
Change Component Footprint: Designator=C5 Old Footprint=C1206 New Footprint=FP-GRM31C-0_2-e0_3_0_8-IPC_C
Change Component Footprint: Designator=C7 Old Footprint=C1206 New Footprint=FP-GRM31C-0_2-e0_3_0_8-IPC_C
Change Component Footprint: Designator=C8 Old Footprint=C1206 New Footprint=FP-GRM31C-0_2-e0_3_0_8-IPC_C
Change Component Footprint: Designator=R1 Old Footprint=J1-0603 New Footprint=RESC1609X55X30ML15T15
Change Component Footprint: Designator=R2 Old Footprint=J1-0603 New Footprint=RESC1609X55X30ML15T15
Change Component Footprint: Designator=R3 Old Footprint=J1-0603 New Footprint=RESC1609X55X30ML15T15
Change Component Footprint: Designator=R4 Old Footprint=J1-0603 New Footprint=RESC1609X55X30ML15T15
Change Component Footprint: Designator=R5 Old Footprint=J1-0603 New Footprint=RESC1609X55X30ML15T15
Change Component Footprint: Designator=R6 Old Footprint=J1-0603 New Footprint=RESC1609X55X30ML15T15
Change Component Comment : Designator=C1 Old Comment=Cap Semi New Comment=GRM31CR60J476ME19L
Change Component Comment : Designator=C2 Old Comment=Cap Semi New Comment=GRM31CR60J476ME19L
Change Component Comment : Designator=C4 Old Comment=Cap Semi New Comment=GRM31CR60J476ME19L
Change Component Comment : Designator=C5 Old Comment=Cap Semi New Comment=GRM31CR60J476ME19L
Change Component Comment : Designator=C7 Old Comment=Cap Semi New Comment=GRM31CR60J476ME19L
Change Component Comment : Designator=C8 Old Comment=Cap Semi New Comment=GRM31CR60J476ME19L
Change Component Comment : Designator=R1 Old Comment=Res3 New Comment=ERJ3EKF1002V
Change Component Comment : Designator=R2 Old Comment=Res3 New Comment=ERJ3EKF1002V
Change Component Comment : Designator=R3 Old Comment=Res3 New Comment=ERJ3EKF1002V
Change Component Comment : Designator=R4 Old Comment=Res3 New Comment=ERJ3EKF1002V
Change Component Comment : Designator=R5 Old Comment=Res3 New Comment=ERJ3EKF1002V
Change Component Comment : Designator=R6 Old Comment=Res3 New Comment=ERJ3EKF1002V
Added Pin To Net: NetName=3V3 Pin=C1-1
Added Pin To Net: NetName=GND Pin=C1-2
Added Pin To Net: NetName=3V3 Pin=C2-1
Added Pin To Net: NetName=GND Pin=C2-2
Added Pin To Net: NetName=3V3 Pin=C4-1
Added Pin To Net: NetName=GND Pin=C4-2
Added Pin To Net: NetName=3V3 Pin=C5-1
Added Pin To Net: NetName=GND Pin=C5-2
Added Pin To Net: NetName=3V3 Pin=C7-1
Added Pin To Net: NetName=GND Pin=C7-2
Added Pin To Net: NetName=3V3 Pin=C8-1
Added Pin To Net: NetName=GND Pin=C8-2
Added Member To Class: ClassName=motor Member=Component C1 GRM31CR60J476ME19L
Added Member To Class: ClassName=motor Member=Component C4 GRM31CR60J476ME19L
Added Member To Class: ClassName=motor Member=Component C8 GRM31CR60J476ME19L
