Removed Pin From Net: NetName=GND Pin=C1-1
Removed Pin From Net: NetName=3V3 Pin=C1-2
Removed Pin From Net: NetName=GND Pin=C2-1
Removed Pin From Net: NetName=3V3 Pin=C2-2
Removed Pin From Net: NetName=GND Pin=C4-1
Removed Pin From Net: NetName=3V3 Pin=C4-2
Removed Pin From Net: NetName=GND Pin=C5-1
Removed Pin From Net: NetName=3V3 Pin=C5-2
Removed Pin From Net: NetName=GND Pin=C7-1
Removed Pin From Net: NetName=3V3 Pin=C7-2
Removed Pin From Net: NetName=GND Pin=C8-1
Removed Pin From Net: NetName=3V3 Pin=C8-2
Removed Pin From Net: NetName=NetC3_1 Pin=M1-1
Removed Pin From Net: NetName=NetC3_2 Pin=M1-2
Removed Pin From Net: NetName=NetC6_1 Pin=M2-1
Removed Pin From Net: NetName=NetC6_2 Pin=M2-2
Removed Pin From Net: NetName=NetC9_1 Pin=M3-1
Removed Pin From Net: NetName=NetC9_2 Pin=M3-2
Change Component Footprint: Designator=C2 Old Footprint=C1206 New Footprint=FP-GRM31C-0_2-e0_3_0_8-IPC_C
Change Component Footprint: Designator=C4 Old Footprint=C1206 New Footprint=FP-GRM31C-0_2-e0_3_0_8-IPC_C
Change Component Footprint: Designator=C5 Old Footprint=C1206 New Footprint=FP-GRM31C-0_2-e0_3_0_8-IPC_C
Change Component Footprint: Designator=C7 Old Footprint=C1206 New Footprint=FP-GRM31C-0_2-e0_3_0_8-IPC_C
Change Component Footprint: Designator=C8 Old Footprint=C1206 New Footprint=FP-GRM31C-0_2-e0_3_0_8-IPC_C
Change Component Footprint: Designator=R1 Old Footprint=J1-0603 New Footprint=RESC1609X55X30ML15T15
Change Component Footprint: Designator=R2 Old Footprint=J1-0603 New Footprint=RESC1609X55X30ML15T15
Change Component Footprint: Designator=R3 Old Footprint=J1-0603 New Footprint=RESC1609X55X30ML15T15
Change Component Footprint: Designator=R4 Old Footprint=J1-0603 New Footprint=RESC1609X55X30ML15T15
Change Component Footprint: Designator=R5 Old Footprint=J1-0603 New Footprint=RESC1609X55X30ML15T15
Change Component Footprint: Designator=R6 Old Footprint=J1-0603 New Footprint=RESC1609X55X30ML15T15
Change Component Comment : Designator=C2 Old Comment=Cap Semi New Comment=GRM31CR60J476ME19L
Change Component Comment : Designator=C4 Old Comment=Cap Semi New Comment=GRM31CR60J476ME19L
Change Component Comment : Designator=C5 Old Comment=Cap Semi New Comment=GRM31CR60J476ME19L
Change Component Comment : Designator=C7 Old Comment=Cap Semi New Comment=GRM31CR60J476ME19L
Change Component Comment : Designator=C8 Old Comment=Cap Semi New Comment=GRM31CR60J476ME19L
Change Component Comment : Designator=R1 Old Comment=Res3 New Comment=ERJ3EKF1002V
Change Component Comment : Designator=R2 Old Comment=Res3 New Comment=ERJ3EKF1002V
Change Component Comment : Designator=R3 Old Comment=Res3 New Comment=ERJ3EKF1002V
Change Component Comment : Designator=R4 Old Comment=Res3 New Comment=ERJ3EKF1002V
Change Component Comment : Designator=R5 Old Comment=Res3 New Comment=ERJ3EKF1002V
Change Component Comment : Designator=R6 Old Comment=Res3 New Comment=ERJ3EKF1002V
Change Component Designator: OldDesignator=C2 NewDesignator=C1
Change Component Designator: OldDesignator=C4 NewDesignator=C2
Change Component Designator: OldDesignator=C5 NewDesignator=C4
Change Component Designator: OldDesignator=C7 NewDesignator=C5
Change Component Designator: OldDesignator=C8 NewDesignator=C7
Added Component: Designator=C8(FP-GRM31C-0_2-e0_3_0_8-IPC_C)
Add component (AddParameter): Name = "Capacitance"; Value = "47uF"; VariantName = "[No Variations]"
Add component (AddParameter): Name = "Case Code (Imperial)"; Value = "1206"; VariantName = "[No Variations]"
Add component (AddParameter): Name = "Case Code (Metric)"; Value = "3216"; VariantName = "[No Variations]"
Add component (AddParameter): Name = "Case/Package"; Value = "1206"; VariantName = "[No Variations]"
Add component (AddParameter): Name = "Depth"; Value = "1.6mm"; VariantName = "[No Variations]"
Add component (AddParameter): Name = "Dielectric"; Value = "X5R"; VariantName = "[No Variations]"
Add component (AddParameter): Name = "Height"; Value = "1.6mm"; VariantName = "[No Variations]"
Add component (AddParameter): Name = "Lead Free"; Value = "Lead Free"; VariantName = "[No Variations]"
Add component (AddParameter): Name = "Length"; Value = "3.2mm"; VariantName = "[No Variations]"
Add component (AddParameter): Name = "Material"; Value = "Ceramic"; VariantName = "[No Variations]"
Add component (AddParameter): Name = "Max Operating Temperature"; Value = "85¢XC"; VariantName = "[No Variations]"
Add component (AddParameter): Name = "Min Operating Temperature"; Value = "-55¢XC"; VariantName = "[No Variations]"
Add component (AddParameter): Name = "Mount"; Value = "Surface Mount"; VariantName = "[No Variations]"
Add component (AddParameter): Name = "Package Quantity"; Value = "2000"; VariantName = "[No Variations]"
Add component (AddParameter): Name = "Packaging"; Value = "Tape and Reel"; VariantName = "[No Variations]"
Add component (AddParameter): Name = "Radiation Hardening"; Value = "No"; VariantName = "[No Variations]"
Add component (AddParameter): Name = "REACH SVHC"; Value = "No SVHC"; VariantName = "[No Variations]"
Add component (AddParameter): Name = "Termination"; Value = "SMD/SMT"; VariantName = "[No Variations]"
Add component (AddParameter): Name = "Thickness"; Value = "0.071inch"; VariantName = "[No Variations]"
Add component (AddParameter): Name = "Tolerance"; Value = "20%"; VariantName = "[No Variations]"
Add component (AddParameter): Name = "Voltage"; Value = "6.3V"; VariantName = "[No Variations]"
Add component (AddParameter): Name = "Voltage Rating"; Value = "6.3V"; VariantName = "[No Variations]"
Add component (AddParameter): Name = "Voltage Rating (DC)"; Value = "6.3V"; VariantName = "[No Variations]"
Add component (AddParameter): Name = "Width"; Value = "0.063inch"; VariantName = "[No Variations]"
Added Pin To Net: NetName=3V3 Pin=C1-1
Added Pin To Net: NetName=GND Pin=C1-2
Added Pin To Net: NetName=3V3 Pin=C2-1
Added Pin To Net: NetName=GND Pin=C2-2
Added Pin To Net: NetName=3V3 Pin=C4-1
Added Pin To Net: NetName=GND Pin=C4-2
Added Pin To Net: NetName=3V3 Pin=C5-1
Added Pin To Net: NetName=GND Pin=C5-2
Added Pin To Net: NetName=3V3 Pin=C7-1
Added Pin To Net: NetName=GND Pin=C7-2
Added Pin To Net: NetName=3V3 Pin=C8-1
Added Pin To Net: NetName=GND Pin=C8-2
