Change Component Comment : Designator=U3 Old Comment=TPS61200DRCT New Comment=TPS61201DRCT
Change Managed Component Library Link : Designator=U3 Old VaultGUID=B7D15EC3-160A-466F-A46C-7801FE6295A7 New VaultGUID=B7D15EC3-160A-466F-A46C-7801FE6295A7 Old ItemGUID=3D5596E2-D8AF-4A0B-BF6F-E711F54AB96F New ItemGUID=17568953-EEFD-4E52-A79E-5A19405DAB73 Old RevisionGUID=8E8AB1F6-BB65-4D5A-B1BC-5BF2313950B1 New RevisionGUID=9B1DD7C6-1DF5-4018-9A13-8D1B8A9C2071
Change component parameters: Designator = "U3" ("U3"); Footprint = "DRC0010J_V"; UniqueID = "\YLORXGXY" ("\YLORXGXY")
Change component parameters (AddParameter): Name = "ComponentLink1Description"; Value = "Datasheet"; VariantName = "[No Variations]"
Change component parameters (AddParameter): Name = "ComponentLink1URL"; Value = "http://www.ti.com/general/docs/lit/getliterature.tsp?genericPartNumber=TPS61201&fileType=pdf"; VariantName = "[No Variations]"
Change component parameters (AddParameter): Name = "ComponentLink2Description"; Value = "Package Specification"; VariantName = "[No Variations]"
Change component parameters (AddParameter): Name = "ComponentLink2URL"; Value = "http://www.ti.com/litv/pdf/mpds117k"; VariantName = "[No Variations]"
Change component parameters (AddParameter): Name = "DatasheetVersion"; Value = "SLVS577B"; VariantName = "[No Variations]"
Change component parameters (AddParameter): Name = "Eco-Plan"; Value = "Green (RoHS & no Sb/Br)"; VariantName = "[No Variations]"
Change component parameters (AddParameter): Name = "Manufacturer"; Value = "Texas Instruments"; VariantName = "[No Variations]"
Change component parameters (AddParameter): Name = "Mounting Technology"; Value = "Surface Mount"; VariantName = "[No Variations]"
Change component parameters (AddParameter): Name = "PackageDescription"; Value = "10-Pin Plastic Small Outline No-Lead, 3 x 3 x 1 mm Body, 0.5 mm Pitch, Exposed Pad"; VariantName = "[No Variations]"
Change component parameters (AddParameter): Name = "PackageReference"; Value = "DRC0010J"; VariantName = "[No Variations]"
Change component parameters (AddParameter): Name = "PackageVersion"; Value = "revL, Sep-2011"; VariantName = "[No Variations]"
Change component parameters (AddParameter): Name = "PartNumber"; Value = "TPS61201DRCT"; VariantName = "[No Variations]"
Change component parameters (AddParameter): Name = "Preset Vout(V)"; Value = "3.3"; VariantName = "[No Variations]"
Change component parameters (AddParameter): Name = "Regulated Outputs(#)"; Value = "1"; VariantName = "[No Variations]"
Change component parameters (AddParameter): Name = "SubFamily"; Value = "Step-Up Regulator"; VariantName = "[No Variations]"
Change component parameters (AddParameter): Name = "Switching Frequency(Max)(kHz)"; Value = "1250"; VariantName = "[No Variations]"
Change component parameters (AddParameter): Name = "Synchronous Rectification"; Value = "TRUE"; VariantName = "[No Variations]"
Change component parameters (AddParameter): Name = "Topology"; Value = "Boost"; VariantName = "[No Variations]"
Change component parameters (AddParameter): Name = "Vin(Max)(V)"; Value = "5.5"; VariantName = "[No Variations]"
Change component parameters (AddParameter): Name = "Vin(Min)(V)"; Value = "0.3"; VariantName = "[No Variations]"
Change component parameters (AddParameter): Name = "Vout(Max)(V)"; Value = "3.3"; VariantName = "[No Variations]"
Change component parameters (AddParameter): Name = "Vout(Min)(V)"; Value = "3.3"; VariantName = "[No Variations]"
Added Member To Class: ClassName=battery-module-60mm-side Member=Component C4 GRM188R60J106ME47D
Added Member To Class: ClassName=battery-module-60mm-side Member=Component C5 GRM188R60J106ME47D
Added Member To Class: ClassName=battery-module-60mm-side Member=Component C8 C1206C104K1RACTU
Added Member To Class: ClassName=battery-module-60mm-side Member=Component D3 LTST-S270KRKT
Added Member To Class: ClassName=battery-module-60mm-side Member=Component R1 ERJ-3EKF1001V
Added Member To Class: ClassName=battery-module-60mm-side Member=Component R3 ERJ3EKF1002V
Added Member To Class: ClassName=battery-module-60mm-side Member=Component R6 ERJ-3EKF1101V
Added Member To Class: ClassName=battery-module-60mm-side Member=Component R7 ERJ-3EKF5903V
Added Member To Class: ClassName=battery-module-60mm-side Member=Component R8 ERJ-3EKF1001V
Added Member To Class: ClassName=battery-module-60mm-side Member=Component R9 ERJ3EKF1800V
Added Member To Class: ClassName=battery-module-60mm-side Member=Component SJ1 SJUMPER3POS
