Removed Pin From Net: NetName=GND Pin=C1-2
Removed Pin From Net: NetName=V_BATT Pin=C3-1
Removed Pin From Net: NetName=GND Pin=C3-2
Removed Pin From Net: NetName=NetC5_2 Pin=C5-2
Removed Pin From Net: NetName=GND Pin=C6-1
Removed Pin From Net: NetName=NetC5_2 Pin=C6-2
Removed Pin From Net: NetName=GND Pin=C7-1
Removed Pin From Net: NetName=NetC5_2 Pin=C7-2
Removed Pin From Net: NetName=GND Pin=C8-1
Removed Pin From Net: NetName=NetC5_2 Pin=D1-1
Removed Pin From Net: NetName=NetC5_2 Pin=D2-1
Removed Pin From Net: NetName=NetP3_1 Pin=P4-1
Removed Pin From Net: NetName=NetP3_2 Pin=P4-2
Removed Pin From Net: NetName=GND Pin=P4-4
Removed Pin From Net: NetName=NetC4_1 Pin=P5-1
Removed Pin From Net: NetName=GND Pin=P5-2
Removed Pin From Net: NetName=NetP3_1 Pin=R3-1
Removed Pin From Net: NetName=GND Pin=R4-1
Removed Pin From Net: NetName=NetP3_2 Pin=R5-1
Removed Pin From Net: NetName=GND Pin=R6-1
Removed Pin From Net: NetName=V_BATT Pin=R7-2
Removed Pin From Net: NetName=NetC5_2 Pin=R10-2
Removed Pin From Net: NetName=GND Pin=R12-1
Removed Pin From Net: NetName=GND Pin=R13-1
Removed Pin From Net: NetName=GND Pin=R14-1
Removed Pin From Net: NetName=GND Pin=R15-1
Removed Pin From Net: NetName=NetR7_1 Pin=SW1-3
Removed Pin From Net: NetName=GND Pin=U2-14
Removed Member From Class: ClassName=Sheet3 Member=P4
Removed Member From Class: ClassName=Sheet3 Member=P5
Removed Member From Class: ClassName=Sheet3 Member=R14
Removed Member From Class: ClassName=Sheet3 Member=R15
Removed Member From Class: ClassName=Sheet3 Member=R16
Removed Member From Class: ClassName=Sheet3 Member=R17
Change Component Footprint: Designator=D1 Old Footprint=3.2X1.6X1.1 New Footprint=FP-LTST-S270KGKT-MFG
Change Component Footprint: Designator=D2 Old Footprint=3.2X1.6X1.1 New Footprint=FP-LTST-S270KRKT-MFG
Change Component Footprint: Designator=L1 Old Footprint=0402-A New Footprint=FP-LQH3NPN_JR-MFG
Change Component Footprint: Designator=C2 Old Footprint=C1206 New Footprint=CAPC2013X145X50ML20T25
Change Component Footprint: Designator=C4 Old Footprint=C1206 New Footprint=CAPC2013X145X50ML20T25
Change Component Footprint: Designator=C1 Old Footprint=C1206 New Footprint=FP-C0805C-DN-MFG
Change Component Footprint: Designator=C5 Old Footprint=C1206 New Footprint=FP-C1206C-EB-MFG
Change Component Footprint: Designator=C8 Old Footprint=C1206 New Footprint=FP-C1206C-EB-MFG
Change Component Footprint: Designator=C3 Old Footprint=C1206 New Footprint=FP-GRM188-0_1-e0_2_0_55-IPC_A
Change Component Footprint: Designator=C6 Old Footprint=C1206 New Footprint=FP-GRM188-0_1-e0_2_0_55-IPC_A
Change Component Footprint: Designator=C7 Old Footprint=C1206 New Footprint=FP-GRM188-0_1-e0_2_0_55-IPC_A
Change Component Footprint: Designator=P2 Old Footprint=HDR1X2 New Footprint=811-S1-002-30-015101-Footprint-1
Change Component Footprint: Designator=P3 Old Footprint=HDR1X4 New Footprint=New footprint 1
Change Component Footprint: Designator=R13 Old Footprint=J1-0603 New Footprint=FP-ERJ3EK-MFG
Change Component Footprint: Designator=R4 Old Footprint=J1-0603 New Footprint=RESC1608X55X30ML15T15
Change Component Footprint: Designator=R7 Old Footprint=J1-0603 New Footprint=RESC1608X55X30ML15T15
Change Component Footprint: Designator=R10 Old Footprint=J1-0603 New Footprint=RESC1608X55X30ML15T15
Change Component Footprint: Designator=R11 Old Footprint=J1-0603 New Footprint=RESC1608X55X30ML15T15
Change Component Footprint: Designator=R12 Old Footprint=J1-0603 New Footprint=RESC1608X55X30ML15T15
Change Component Footprint: Designator=R6 Old Footprint=J1-0603 New Footprint=RESC1608X55X30NL15T15
Change Component Footprint: Designator=R2 Old Footprint=J1-0603 New Footprint=RESC1609X55X30ML15T15
Change Component Footprint: Designator=R3 Old Footprint=J1-0603 New Footprint=RESC1609X55X30ML15T15
Change Component Footprint: Designator=R5 Old Footprint=J1-0603 New Footprint=RESC1609X55X30ML15T15
Change Component Footprint: Designator=R1 Old Footprint=J1-0603 New Footprint=RESC3216X70X50NL05T20
Change Component Comment : Designator=C2 Old Comment=Cap Semi New Comment=C0805C105K4PACTU
Change Component Comment : Designator=C4 Old Comment=Cap Semi New Comment=C0805C105K4PACTU
Change Component Comment : Designator=C1 Old Comment=Cap Semi New Comment=C0805C474K4RACTU
Change Component Comment : Designator=C5 Old Comment=Cap Semi New Comment=C1206C104K1RACTU
Change Component Comment : Designator=C8 Old Comment=Cap Semi New Comment=C1206C104K1RACTU
Change Component Comment : Designator=C3 Old Comment=Cap Semi New Comment=GRM188R60J106ME47D
Change Component Comment : Designator=C6 Old Comment=Cap Semi New Comment=GRM188R60J106ME47D
Change Component Comment : Designator=C7 Old Comment=Cap Semi New Comment=GRM188R60J106ME47D
Change Component Comment : Designator=P2 Old Comment=Header 2 New Comment=811-S1-002-30-015101
Change Component Comment : Designator=P3 Old Comment=Header 4 New Comment=811-S1-006-30-015101
Change Component Comment : Designator=L1 Old Comment=Inductor New Comment=LQH3NPN2R2MJRL
Change Component Comment : Designator=D1 Old Comment=LED2 New Comment=LTST-S270KGKT
Change Component Comment : Designator=D2 Old Comment=LED2 New Comment=LTST-S270KRKT
Change Component Comment : Designator=R2 Old Comment=Res3 New Comment=ERJ3EKF1002V
Change Component Comment : Designator=R3 Old Comment=Res3 New Comment=ERJ3EKF1002V
Change Component Comment : Designator=R5 Old Comment=Res3 New Comment=ERJ3EKF1002V
Change Component Comment : Designator=R13 Old Comment=Res3 New Comment=ERJ3EKF1800V
Change Component Comment : Designator=R1 Old Comment=Res3 New Comment=ERJ8BWFR010V
Change Component Comment : Designator=R12 Old Comment=Res3 New Comment=ERJ-3EKF1001V
Change Component Comment : Designator=R4 Old Comment=Res3 New Comment=ERJ-3EKF1003V
Change Component Comment : Designator=R7 Old Comment=Res3 New Comment=ERJ-3EKF1204V
Change Component Comment : Designator=R6 Old Comment=Res3 New Comment=ERJ-3EKF2004V
Change Component Comment : Designator=R10 Old Comment=Res3 New Comment=ERJ-3EKF2203V
Change Component Comment : Designator=R11 Old Comment=Res3 New Comment=ERJ-3EKF5903V
Change Managed Component Library Link : Designator=C1 Old VaultGUID= New VaultGUID=B7D15EC3-160A-466F-A46C-7801FE6295A7 Old ItemGUID= New ItemGUID=FFF25D2D-62F6-4042-B61E-353B83503BBB Old RevisionGUID= New RevisionGUID=CD531F9A-8891-4CD2-8BFE-E6F1BFC6E6A4
Change Managed Component Library Link : Designator=C2 Old VaultGUID= New VaultGUID=B7D15EC3-160A-466F-A46C-7801FE6295A7 Old ItemGUID= New ItemGUID=10B375A3-CCD4-4102-830B-DE8B7F93BBC4 Old RevisionGUID= New RevisionGUID=B9696AE6-7F60-466D-A599-066B2EF42019
Change Managed Component Library Link : Designator=C3 Old VaultGUID= New VaultGUID=B7D15EC3-160A-466F-A46C-7801FE6295A7 Old ItemGUID= New ItemGUID=3F1FDB09-9931-43B7-B80F-88673FF926CD Old RevisionGUID= New RevisionGUID=937773BC-2271-489F-837A-E58975DBF117
Change Managed Component Library Link : Designator=C4 Old VaultGUID= New VaultGUID=B7D15EC3-160A-466F-A46C-7801FE6295A7 Old ItemGUID= New ItemGUID=10B375A3-CCD4-4102-830B-DE8B7F93BBC4 Old RevisionGUID= New RevisionGUID=B9696AE6-7F60-466D-A599-066B2EF42019
Change Managed Component Library Link : Designator=C5 Old VaultGUID= New VaultGUID=B7D15EC3-160A-466F-A46C-7801FE6295A7 Old ItemGUID= New ItemGUID=C8C155D3-B38C-4ACF-90A3-6CD28E6629E5 Old RevisionGUID= New RevisionGUID=33B923CF-C2D8-4D91-945F-71C77E0ED014
Change Managed Component Library Link : Designator=C6 Old VaultGUID= New VaultGUID=B7D15EC3-160A-466F-A46C-7801FE6295A7 Old ItemGUID= New ItemGUID=3F1FDB09-9931-43B7-B80F-88673FF926CD Old RevisionGUID= New RevisionGUID=937773BC-2271-489F-837A-E58975DBF117
Change Managed Component Library Link : Designator=C7 Old VaultGUID= New VaultGUID=B7D15EC3-160A-466F-A46C-7801FE6295A7 Old ItemGUID= New ItemGUID=3F1FDB09-9931-43B7-B80F-88673FF926CD Old RevisionGUID= New RevisionGUID=937773BC-2271-489F-837A-E58975DBF117
Change Managed Component Library Link : Designator=C8 Old VaultGUID= New VaultGUID=B7D15EC3-160A-466F-A46C-7801FE6295A7 Old ItemGUID= New ItemGUID=C8C155D3-B38C-4ACF-90A3-6CD28E6629E5 Old RevisionGUID= New RevisionGUID=33B923CF-C2D8-4D91-945F-71C77E0ED014
Change Managed Component Library Link : Designator=D1 Old VaultGUID= New VaultGUID=B7D15EC3-160A-466F-A46C-7801FE6295A7 Old ItemGUID= New ItemGUID=D2E6D31C-768B-49A6-A721-EF4591295531 Old RevisionGUID= New RevisionGUID=AD82652D-7905-4D6B-B0D1-EE279EB4A9C2
Change Managed Component Library Link : Designator=D2 Old VaultGUID= New VaultGUID=B7D15EC3-160A-466F-A46C-7801FE6295A7 Old ItemGUID= New ItemGUID=E1549425-5A89-4D8E-B12F-7B450FC84D16 Old RevisionGUID= New RevisionGUID=744A7BB8-60D3-46D7-8F18-12AE3A50D1A1
Change Managed Component Library Link : Designator=L1 Old VaultGUID= New VaultGUID=B7D15EC3-160A-466F-A46C-7801FE6295A7 Old ItemGUID= New ItemGUID=A9203F1F-336E-4DB8-9A1D-03AF35D6CFF1 Old RevisionGUID= New RevisionGUID=79F6D9FF-76A3-4FC7-AE40-149ADB40D943
Change Managed Component Library Link : Designator=P2 Old VaultGUID= New VaultGUID=402AE90E-E6D4-42C2-A6A4-831F65D0074D Old ItemGUID= New ItemGUID=30720e79-cf24-4a50-acce-ac4e57f88d18 Old RevisionGUID= New RevisionGUID=d64d471d-49a1-4dd0-9bbe-97c0632f2a2d
Change Managed Component Library Link : Designator=P3 Old VaultGUID= New VaultGUID=402AE90E-E6D4-42C2-A6A4-831F65D0074D Old ItemGUID= New ItemGUID=8e9e8985-d271-41d0-afd3-3a03919b28ce Old RevisionGUID= New RevisionGUID=2fa56e1a-7d94-4ad2-82cc-3d2efe1b5d38
Change Managed Component Library Link : Designator=R1 Old VaultGUID= New VaultGUID=B7D15EC3-160A-466F-A46C-7801FE6295A7 Old ItemGUID= New ItemGUID=DBEA2C8D-44F1-4C47-9FC7-0B514E5282F6 Old RevisionGUID= New RevisionGUID=BC03D88E-A824-4426-9072-824EF5DDEB9A
Change Managed Component Library Link : Designator=R2 Old VaultGUID= New VaultGUID=B7D15EC3-160A-466F-A46C-7801FE6295A7 Old ItemGUID= New ItemGUID=D6FF6A2E-237B-4D32-86D1-1B9665B5CB39 Old RevisionGUID= New RevisionGUID=20C4B742-B9BD-484B-8674-15E5F2C7C3A3
Change Managed Component Library Link : Designator=R3 Old VaultGUID= New VaultGUID=B7D15EC3-160A-466F-A46C-7801FE6295A7 Old ItemGUID= New ItemGUID=D6FF6A2E-237B-4D32-86D1-1B9665B5CB39 Old RevisionGUID= New RevisionGUID=20C4B742-B9BD-484B-8674-15E5F2C7C3A3
Change Managed Component Library Link : Designator=R4 Old VaultGUID= New VaultGUID=B7D15EC3-160A-466F-A46C-7801FE6295A7 Old ItemGUID= New ItemGUID=689D7475-5ACB-490F-95BF-6AB0267C0A99 Old RevisionGUID= New RevisionGUID=9F6BA9D8-F86D-49F3-8299-770B4BCB722D
Change Managed Component Library Link : Designator=R5 Old VaultGUID= New VaultGUID=B7D15EC3-160A-466F-A46C-7801FE6295A7 Old ItemGUID= New ItemGUID=D6FF6A2E-237B-4D32-86D1-1B9665B5CB39 Old RevisionGUID= New RevisionGUID=20C4B742-B9BD-484B-8674-15E5F2C7C3A3
Change Managed Component Library Link : Designator=R6 Old VaultGUID= New VaultGUID=B7D15EC3-160A-466F-A46C-7801FE6295A7 Old ItemGUID= New ItemGUID=C081A076-AE18-4A31-9B5A-8BA2D94828DF Old RevisionGUID= New RevisionGUID=66C9C686-33E1-4ECB-80B5-575916EB87A5
Change Managed Component Library Link : Designator=R7 Old VaultGUID= New VaultGUID=B7D15EC3-160A-466F-A46C-7801FE6295A7 Old ItemGUID= New ItemGUID=C9A7FC97-5B8C-4541-99C8-88FA4E47A6B3 Old RevisionGUID= New RevisionGUID=87B9E5F4-EBF7-4977-BA3A-DA2CEC12A987
Change Managed Component Library Link : Designator=R10 Old VaultGUID= New VaultGUID=B7D15EC3-160A-466F-A46C-7801FE6295A7 Old ItemGUID= New ItemGUID=E6307F08-63A2-4618-BFFD-14E28C9EF26B Old RevisionGUID= New RevisionGUID=2DF367E4-86E2-4B4E-B9C6-254C890CF53B
Change Managed Component Library Link : Designator=R11 Old VaultGUID= New VaultGUID=B7D15EC3-160A-466F-A46C-7801FE6295A7 Old ItemGUID= New ItemGUID=1D3D4E64-EF9F-432F-A039-BA6C7273181D Old RevisionGUID= New RevisionGUID=AA008078-AEE5-4C35-920E-9AD4DB0B1E17
Change Managed Component Library Link : Designator=R12 Old VaultGUID= New VaultGUID=B7D15EC3-160A-466F-A46C-7801FE6295A7 Old ItemGUID= New ItemGUID=15E99ED1-FE4D-4509-A4CB-202B754A1072 Old RevisionGUID= New RevisionGUID=B5BF06F6-159E-4AE9-958F-413F2CF8C3A3
Change Managed Component Library Link : Designator=R13 Old VaultGUID= New VaultGUID=B7D15EC3-160A-466F-A46C-7801FE6295A7 Old ItemGUID= New ItemGUID=55F9EB21-916E-41EC-9CC8-E7A48BCC74B3 Old RevisionGUID= New RevisionGUID=CA55A802-F42A-43E9-901E-55E4F2BE9D50
Change component parameters: Designator = "P2" ("P2"); Footprint = "HDR1X2"; UniqueID = "\TEWFXBXA" ("\TEWFXBXA")
Change component parameters: Designator = "P3" ("P3"); Footprint = "HDR1X4"; UniqueID = "\IRSWTFWT" ("\IRSWTFWT")
Change component parameters: Designator = "C2" ("C2"); Footprint = "C1206"; UniqueID = "\RBNMLFFJ" ("\RBNMLFFJ")
Change component parameters (AddParameter): Name = "Manufacturer"; Value = "Kemet"; VariantName = "[No Variations]"
Change component parameters (AddParameter): Name = "Part Number"; Value = "C0805C105K4PACTU"; VariantName = "[No Variations]"
Change component parameters: Designator = "C4" ("C4"); Footprint = "C1206"; UniqueID = "\YFSFYBLC" ("\YFSFYBLC")
Change component parameters (AddParameter): Name = "Manufacturer"; Value = "Kemet"; VariantName = "[No Variations]"
Change component parameters (AddParameter): Name = "Part Number"; Value = "C0805C105K4PACTU"; VariantName = "[No Variations]"
Change component parameters: Designator = "R1" ("R1"); Footprint = "J1-0603"; UniqueID = "\CSIWAHGD" ("\CSIWAHGD")
Change component parameters (AddParameter): Name = "Manufacturer"; Value = "Panasonic"; VariantName = "[No Variations]"
Change component parameters (AddParameter): Name = "Part Number"; Value = "ERJ8BWFR010V"; VariantName = "[No Variations]"
Change component parameters: Designator = "R4" ("R4"); Footprint = "J1-0603"; UniqueID = "\WICECXOK" ("\WICECXOK")
Change component parameters (AddParameter): Name = "Manufacturer"; Value = "Panasonic"; VariantName = "[No Variations]"
Change component parameters (AddParameter): Name = "Part Number"; Value = "ERJ-3EKF1003V"; VariantName = "[No Variations]"
Change component parameters: Designator = "R6" ("R6"); Footprint = "J1-0603"; UniqueID = "\PBLEAPZD" ("\PBLEAPZD")
Change component parameters (AddParameter): Name = "Manufacturer"; Value = "Panasonic"; VariantName = "[No Variations]"
Change component parameters (AddParameter): Name = "Part Number"; Value = "ERJ-3EKF2004V"; VariantName = "[No Variations]"
Change component parameters: Designator = "R7" ("R7"); Footprint = "J1-0603"; UniqueID = "\SZWVLIPH" ("\SZWVLIPH")
Change component parameters (AddParameter): Name = "Manufacturer"; Value = "Panasonic"; VariantName = "[No Variations]"
Change component parameters (AddParameter): Name = "Part Number"; Value = "ERJ-3EKF1204V"; VariantName = "[No Variations]"
Change component parameters: Designator = "R11" ("R11"); Footprint = "J1-0603"; UniqueID = "\NIEOEETO" ("\NIEOEETO")
Change component parameters (AddParameter): Name = "Manufacturer"; Value = "Panasonic"; VariantName = "[No Variations]"
Change component parameters (AddParameter): Name = "Part Number"; Value = "ERJ-3EKF5903V"; VariantName = "[No Variations]"
Change component parameters: Designator = "R12" ("R12"); Footprint = "J1-0603"; UniqueID = "\VSBCCYFE" ("\VSBCCYFE")
Change component parameters (AddParameter): Name = "Manufacturer"; Value = "Panasonic"; VariantName = "[No Variations]"
Change component parameters (AddParameter): Name = "Part Number"; Value = "ERJ-3EKF1001V"; VariantName = "[No Variations]"
Change component parameters: Designator = "R10" ("R10"); Footprint = "J1-0603"; UniqueID = "\EEOMUXMK" ("\EEOMUXMK")
Change component parameters (AddParameter): Name = "ComponentLink1Description"; Value = "Manufacturer URL"; VariantName = "[No Variations]"
Change component parameters (AddParameter): Name = "ComponentLink1URL"; Value = "http://www.panasonic.com/"; VariantName = "[No Variations]"
Change component parameters (AddParameter): Name = "ComponentLink2Description"; Value = "Datasheet"; VariantName = "[No Variations]"
Change component parameters (AddParameter): Name = "ComponentLink2URL"; Value = "http://industrial.panasonic.com/cdbs/www-data/pdf/RDA0000/AOA0000C86.pdf"; VariantName = "[No Variations]"
Change component parameters (AddParameter): Name = "DatasheetVersion"; Value = "Apr-15"; VariantName = "[No Variations]"
Change component parameters (AddParameter): Name = "Frequency"; Value = "2450 MHz"; VariantName = "[No Variations]"
Change component parameters (AddParameter): Name = "Height"; Value = "0.5 mm"; VariantName = "[No Variations]"
Change component parameters (AddParameter): Name = "Impedance"; Value = "50 Ohm"; VariantName = "[No Variations]"
Change component parameters (AddParameter): Name = "Length"; Value = "3.2 mm"; VariantName = "[No Variations]"
Change component parameters (AddParameter): Name = "Max Operating Temperature"; Value = "80degC"; VariantName = "[No Variations]"
Change component parameters (AddParameter): Name = "Min Operating Temperature"; Value = "-20degC"; VariantName = "[No Variations]"
Change component parameters (AddParameter): Name = "Mount"; Value = "Surface Mount"; VariantName = "[No Variations]"
Change component parameters (AddParameter): Name = "Package Quantity"; Value = "3000"; VariantName = "[No Variations]"
Change component parameters (AddParameter): Name = "PackageDescription"; Value = "2-Pin Surface Mount Device, Body 1.6 x 0.85 mm"; VariantName = "[No Variations]"
Change component parameters (AddParameter): Name = "PackageReference"; Value = "0603"; VariantName = "[No Variations]"
Change component parameters (AddParameter): Name = "Packaging"; Value = "Tape and Reel"; VariantName = "[No Variations]"
Change component parameters (AddParameter): Name = "Pins"; Value = "2"; VariantName = "[No Variations]"
Change component parameters (AddParameter): Name = "Radiation Hardening"; Value = "No"; VariantName = "[No Variations]"
Change component parameters (AddParameter): Name = "REACH SVHC"; Value = "No SVHC"; VariantName = "[No Variations]"
Change component parameters (AddParameter): Name = "RoHSCompliant"; Value = "True"; VariantName = "[No Variations]"
Change component parameters (AddParameter): Name = "Width"; Value = "1.6 mm"; VariantName = "[No Variations]"
Change component parameters: Designator = "L1" ("L1"); Footprint = "0402-A"; UniqueID = "\MBVCLFCE" ("\MBVCLFCE")
Change component parameters (AddParameter): Name = "Case Code (Imperial)"; Value = "1212"; VariantName = "[No Variations]"
Change component parameters (AddParameter): Name = "Case Code (Metric)"; Value = "3030"; VariantName = "[No Variations]"
Change component parameters (AddParameter): Name = "Case/Package"; Value = "1212"; VariantName = "[No Variations]"
Change component parameters (AddParameter): Name = "Core Material"; Value = "Ferrite"; VariantName = "[No Variations]"
Change component parameters (AddParameter): Name = "Current Rating"; Value = "980mA"; VariantName = "[No Variations]"
Change component parameters (AddParameter): Name = "DC Resistance (DCR)"; Value = "81.6mR"; VariantName = "[No Variations]"
Change component parameters (AddParameter): Name = "Height - Seated (Max)"; Value = "0.047inch"; VariantName = "[No Variations]"
Change component parameters (AddParameter): Name = "Inductance"; Value = "2.2uH"; VariantName = "[No Variations]"
Change component parameters (AddParameter): Name = "Length"; Value = "0.118inch"; VariantName = "[No Variations]"
Change component parameters (AddParameter): Name = "Max Operating Temperature"; Value = "105¢XC"; VariantName = "[No Variations]"
Change component parameters (AddParameter): Name = "Min Operating Temperature"; Value = "-40¢XC"; VariantName = "[No Variations]"
Change component parameters (AddParameter): Name = "Mount"; Value = "Surface Mount"; VariantName = "[No Variations]"
Change component parameters (AddParameter): Name = "Packaging"; Value = "Tape and Reel"; VariantName = "[No Variations]"
Change component parameters (AddParameter): Name = "Resistor Type"; Value = "Wirewound"; VariantName = "[No Variations]"
Change component parameters (AddParameter): Name = "Saturation Current"; Value = "1.8A"; VariantName = "[No Variations]"
Change component parameters (AddParameter): Name = "Self Resonant Frequency"; Value = "45MHz"; VariantName = "[No Variations]"
Change component parameters (AddParameter): Name = "Shielding"; Value = "Shielded"; VariantName = "[No Variations]"
Change component parameters (AddParameter): Name = "Test Frequency"; Value = "1MHz"; VariantName = "[No Variations]"
Change component parameters (AddParameter): Name = "Tolerance"; Value = "20%"; VariantName = "[No Variations]"
Change component parameters (AddParameter): Name = "Width"; Value = "0.118inch"; VariantName = "[No Variations]"
Change component parameters: Designator = "C3" ("C3"); Footprint = "C1206"; UniqueID = "\PNZTWVVO" ("\PNZTWVVO")
Change component parameters (AddParameter): Name = "Capacitance"; Value = "10uF"; VariantName = "[No Variations]"
Change component parameters (AddParameter): Name = "Case Code (Imperial)"; Value = "0603"; VariantName = "[No Variations]"
Change component parameters (AddParameter): Name = "Case Code (Metric)"; Value = "1608"; VariantName = "[No Variations]"
Change component parameters (AddParameter): Name = "Case/Package"; Value = "0603"; VariantName = "[No Variations]"
Change component parameters (AddParameter): Name = "Depth"; Value = "0.8mm"; VariantName = "[No Variations]"
Change component parameters (AddParameter): Name = "Dielectric"; Value = "X5R"; VariantName = "[No Variations]"
Change component parameters (AddParameter): Name = "Height"; Value = "0.8mm"; VariantName = "[No Variations]"
Change component parameters (AddParameter): Name = "Lead Free"; Value = "Lead Free"; VariantName = "[No Variations]"
Change component parameters (AddParameter): Name = "Length"; Value = "1.6mm"; VariantName = "[No Variations]"
Change component parameters (AddParameter): Name = "Material"; Value = "Ceramic"; VariantName = "[No Variations]"
Change component parameters (AddParameter): Name = "Max Operating Temperature"; Value = "85¢XC"; VariantName = "[No Variations]"
Change component parameters (AddParameter): Name = "Min Operating Temperature"; Value = "-55¢XC"; VariantName = "[No Variations]"
Change component parameters (AddParameter): Name = "Mount"; Value = "Surface Mount"; VariantName = "[No Variations]"
Change component parameters (AddParameter): Name = "Package Quantity"; Value = "4000"; VariantName = "[No Variations]"
Change component parameters (AddParameter): Name = "Packaging"; Value = "Tape and Reel"; VariantName = "[No Variations]"
Change component parameters (AddParameter): Name = "Radiation Hardening"; Value = "No"; VariantName = "[No Variations]"
Change component parameters (AddParameter): Name = "REACH SVHC"; Value = "No SVHC"; VariantName = "[No Variations]"
Change component parameters (AddParameter): Name = "Termination"; Value = "SMD/SMT"; VariantName = "[No Variations]"
Change component parameters (AddParameter): Name = "Thickness"; Value = "0.035inch"; VariantName = "[No Variations]"
Change component parameters (AddParameter): Name = "Tolerance"; Value = "20%"; VariantName = "[No Variations]"
Change component parameters (AddParameter): Name = "Voltage"; Value = "6.3V"; VariantName = "[No Variations]"
Change component parameters (AddParameter): Name = "Voltage Rating"; Value = "6.3V"; VariantName = "[No Variations]"
Change component parameters (AddParameter): Name = "Voltage Rating (DC)"; Value = "6.3V"; VariantName = "[No Variations]"
Change component parameters (AddParameter): Name = "Width"; Value = "0.031inch"; VariantName = "[No Variations]"
Change component parameters: Designator = "C6" ("C6"); Footprint = "C1206"; UniqueID = "\SFFWZSDU" ("\SFFWZSDU")
Change component parameters (AddParameter): Name = "Capacitance"; Value = "10uF"; VariantName = "[No Variations]"
Change component parameters (AddParameter): Name = "Case Code (Imperial)"; Value = "0603"; VariantName = "[No Variations]"
Change component parameters (AddParameter): Name = "Case Code (Metric)"; Value = "1608"; VariantName = "[No Variations]"
Change component parameters (AddParameter): Name = "Case/Package"; Value = "0603"; VariantName = "[No Variations]"
Change component parameters (AddParameter): Name = "Depth"; Value = "0.8mm"; VariantName = "[No Variations]"
Change component parameters (AddParameter): Name = "Dielectric"; Value = "X5R"; VariantName = "[No Variations]"
Change component parameters (AddParameter): Name = "Height"; Value = "0.8mm"; VariantName = "[No Variations]"
Change component parameters (AddParameter): Name = "Lead Free"; Value = "Lead Free"; VariantName = "[No Variations]"
Change component parameters (AddParameter): Name = "Length"; Value = "1.6mm"; VariantName = "[No Variations]"
Change component parameters (AddParameter): Name = "Material"; Value = "Ceramic"; VariantName = "[No Variations]"
Change component parameters (AddParameter): Name = "Max Operating Temperature"; Value = "85¢XC"; VariantName = "[No Variations]"
Change component parameters (AddParameter): Name = "Min Operating Temperature"; Value = "-55¢XC"; VariantName = "[No Variations]"
Change component parameters (AddParameter): Name = "Mount"; Value = "Surface Mount"; VariantName = "[No Variations]"
Change component parameters (AddParameter): Name = "Package Quantity"; Value = "4000"; VariantName = "[No Variations]"
Change component parameters (AddParameter): Name = "Packaging"; Value = "Tape and Reel"; VariantName = "[No Variations]"
Change component parameters (AddParameter): Name = "Radiation Hardening"; Value = "No"; VariantName = "[No Variations]"
Change component parameters (AddParameter): Name = "REACH SVHC"; Value = "No SVHC"; VariantName = "[No Variations]"
Change component parameters (AddParameter): Name = "Termination"; Value = "SMD/SMT"; VariantName = "[No Variations]"
Change component parameters (AddParameter): Name = "Thickness"; Value = "0.035inch"; VariantName = "[No Variations]"
Change component parameters (AddParameter): Name = "Tolerance"; Value = "20%"; VariantName = "[No Variations]"
Change component parameters (AddParameter): Name = "Voltage"; Value = "6.3V"; VariantName = "[No Variations]"
Change component parameters (AddParameter): Name = "Voltage Rating"; Value = "6.3V"; VariantName = "[No Variations]"
Change component parameters (AddParameter): Name = "Voltage Rating (DC)"; Value = "6.3V"; VariantName = "[No Variations]"
Change component parameters (AddParameter): Name = "Width"; Value = "0.031inch"; VariantName = "[No Variations]"
Change component parameters: Designator = "C7" ("C7"); Footprint = "C1206"; UniqueID = "\EQVJFIWF" ("\EQVJFIWF")
Change component parameters (AddParameter): Name = "Capacitance"; Value = "10uF"; VariantName = "[No Variations]"
Change component parameters (AddParameter): Name = "Case Code (Imperial)"; Value = "0603"; VariantName = "[No Variations]"
Change component parameters (AddParameter): Name = "Case Code (Metric)"; Value = "1608"; VariantName = "[No Variations]"
Change component parameters (AddParameter): Name = "Case/Package"; Value = "0603"; VariantName = "[No Variations]"
Change component parameters (AddParameter): Name = "Depth"; Value = "0.8mm"; VariantName = "[No Variations]"
Change component parameters (AddParameter): Name = "Dielectric"; Value = "X5R"; VariantName = "[No Variations]"
Change component parameters (AddParameter): Name = "Height"; Value = "0.8mm"; VariantName = "[No Variations]"
Change component parameters (AddParameter): Name = "Lead Free"; Value = "Lead Free"; VariantName = "[No Variations]"
Change component parameters (AddParameter): Name = "Length"; Value = "1.6mm"; VariantName = "[No Variations]"
Change component parameters (AddParameter): Name = "Material"; Value = "Ceramic"; VariantName = "[No Variations]"
Change component parameters (AddParameter): Name = "Max Operating Temperature"; Value = "85¢XC"; VariantName = "[No Variations]"
Change component parameters (AddParameter): Name = "Min Operating Temperature"; Value = "-55¢XC"; VariantName = "[No Variations]"
Change component parameters (AddParameter): Name = "Mount"; Value = "Surface Mount"; VariantName = "[No Variations]"
Change component parameters (AddParameter): Name = "Package Quantity"; Value = "4000"; VariantName = "[No Variations]"
Change component parameters (AddParameter): Name = "Packaging"; Value = "Tape and Reel"; VariantName = "[No Variations]"
Change component parameters (AddParameter): Name = "Radiation Hardening"; Value = "No"; VariantName = "[No Variations]"
Change component parameters (AddParameter): Name = "REACH SVHC"; Value = "No SVHC"; VariantName = "[No Variations]"
Change component parameters (AddParameter): Name = "Termination"; Value = "SMD/SMT"; VariantName = "[No Variations]"
Change component parameters (AddParameter): Name = "Thickness"; Value = "0.035inch"; VariantName = "[No Variations]"
Change component parameters (AddParameter): Name = "Tolerance"; Value = "20%"; VariantName = "[No Variations]"
Change component parameters (AddParameter): Name = "Voltage"; Value = "6.3V"; VariantName = "[No Variations]"
Change component parameters (AddParameter): Name = "Voltage Rating"; Value = "6.3V"; VariantName = "[No Variations]"
Change component parameters (AddParameter): Name = "Voltage Rating (DC)"; Value = "6.3V"; VariantName = "[No Variations]"
Change component parameters (AddParameter): Name = "Width"; Value = "0.031inch"; VariantName = "[No Variations]"
Change component parameters: Designator = "C1" ("C1"); Footprint = "C1206"; UniqueID = "\GGHAXJRS" ("\GGHAXJRS")
Change component parameters (AddParameter): Name = "Automotive"; Value = "No"; VariantName = "[No Variations]"
Change component parameters (AddParameter): Name = "Capacitance"; Value = "0.47 £gF"; VariantName = "[No Variations]"
Change component parameters (AddParameter): Name = "Category"; Value = "Cap"; VariantName = "[No Variations]"
Change component parameters (AddParameter): Name = "ComponentLink2Description"; Value = "Datasheet"; VariantName = "[No Variations]"
Change component parameters (AddParameter): Name = "ComponentLink2URL"; Value = "https://content.kemet.com/datasheets/KEM_C1003_C0G_SMD.pdf"; VariantName = "[No Variations]"
Change component parameters (AddParameter): Name = "Device Class L1"; Value = "Passive Components"; VariantName = "[No Variations]"
Change component parameters (AddParameter): Name = "Device Class L2"; Value = "Capacitors"; VariantName = "[No Variations]"
Change component parameters (AddParameter): Name = "Device Class L3"; Value = "Ceramic Capacitors"; VariantName = "[No Variations]"
Change component parameters (AddParameter): Name = "Digikey Description"; Value = "CAP CER 0.47UF 16V 10% X7R 0805"; VariantName = "[No Variations]"
Change component parameters (AddParameter): Name = "Height"; Value = "0.88mm"; VariantName = "[No Variations]"
Change component parameters (AddParameter): Name = "Ipc Land Pattern Name"; Value = "CAPC200125X78"; VariantName = "[No Variations]"
Change component parameters (AddParameter): Name = "Lead Free"; Value = "Yes"; VariantName = "[No Variations]"
Change component parameters (AddParameter): Name = "Manufacturer"; Value = "KEMET"; VariantName = "[No Variations]"
Change component parameters (AddParameter): Name = "Manufacturer Part Number"; Value = "C0805C474K4RACTU"; VariantName = "[No Variations]"
Change component parameters (AddParameter): Name = "Material"; Value = "Ceramic"; VariantName = "[No Variations]"
Change component parameters (AddParameter): Name = "Mouser Description"; Value = "Multilayer Ceramic Capacitor, C Series, 0.47 - F, - 10%, X7r, 16 V, 0805 [2012 Metric] Rohs Compliant: Yes"; VariantName = "[No Variations]"
Change component parameters (AddParameter): Name = "Octopart"; Value = "https://octopart.com/c0805c474k4ractu-kemet-107561"; VariantName = "[No Variations]"
Change component parameters (AddParameter): Name = "Package"; Value = "C0805C-DN"; VariantName = "[No Variations]"
Change component parameters (AddParameter): Name = "RoHS"; Value = "TRUE"; VariantName = "[No Variations]"
Change component parameters (AddParameter): Name = "Temperature"; Value = "-55¢XC to +125¢XC"; VariantName = "[No Variations]"
Change component parameters (AddParameter): Name = "Temperature Characteristic"; Value = "X7R"; VariantName = "[No Variations]"
Change component parameters (AddParameter): Name = "Temperature Coefficient"; Value = "30ppm/¢XC"; VariantName = "[No Variations]"
Change component parameters (AddParameter): Name = "Temperature Range High"; Value = "+125¢XC"; VariantName = "[No Variations]"
Change component parameters (AddParameter): Name = "Temperature Range Low"; Value = "-55¢XC"; VariantName = "[No Variations]"
Change component parameters (AddParameter): Name = "Tolerance"; Value = "0.1"; VariantName = "[No Variations]"
Change component parameters (AddParameter): Name = "Value"; Value = "0.47 £gF"; VariantName = "[No Variations]"
Change component parameters (AddParameter): Name = "Voltage Rating"; Value = "16 V"; VariantName = "[No Variations]"
Change component parameters: Designator = "C5" ("C5"); Footprint = "C1206"; UniqueID = "\PJFKQSRL" ("\PJFKQSRL")
Change component parameters (AddParameter): Name = "Automotive"; Value = "Yes"; VariantName = "[No Variations]"
Change component parameters (AddParameter): Name = "Automotive Grade"; Value = "Grade 0"; VariantName = "[No Variations]"
Change component parameters (AddParameter): Name = "Capacitance"; Value = "0.10 £gF"; VariantName = "[No Variations]"
Change component parameters (AddParameter): Name = "Category"; Value = "Cap"; VariantName = "[No Variations]"
Change component parameters (AddParameter): Name = "ComponentLink2Description"; Value = "Datasheet"; VariantName = "[No Variations]"
Change component parameters (AddParameter): Name = "ComponentLink2URL"; Value = "https://content.kemet.com/datasheets/KEM_C1007_X8R_ULTRA_150C_SMD.pdf"; VariantName = "[No Variations]"
Change component parameters (AddParameter): Name = "Device Class L1"; Value = "Passive Components"; VariantName = "[No Variations]"
Change component parameters (AddParameter): Name = "Device Class L2"; Value = "Capacitors"; VariantName = "[No Variations]"
Change component parameters (AddParameter): Name = "Device Class L3"; Value = "Ceramic Capacitors"; VariantName = "[No Variations]"
Change component parameters (AddParameter): Name = "Digikey Description"; Value = "CAP CER 0.1UF 100V X7R 1206"; VariantName = "[No Variations]"
Change component parameters (AddParameter): Name = "Height"; Value = "0.88mm"; VariantName = "[No Variations]"
Change component parameters (AddParameter): Name = "Ipc Land Pattern Name"; Value = "CAPC320160X78"; VariantName = "[No Variations]"
Change component parameters (AddParameter): Name = "Lead Free"; Value = "Yes"; VariantName = "[No Variations]"
Change component parameters (AddParameter): Name = "Manufacturer"; Value = "KEMET"; VariantName = "[No Variations]"
Change component parameters (AddParameter): Name = "Manufacturer Part Number"; Value = "C1206C104K1RACTU"; VariantName = "[No Variations]"
Change component parameters (AddParameter): Name = "Material"; Value = "Ceramic"; VariantName = "[No Variations]"
Change component parameters (AddParameter): Name = "Mouser Description"; Value = "CAP CER 0.1UF 100V X7R 1206"; VariantName = "[No Variations]"
Change component parameters (AddParameter): Name = "Octopart"; Value = "https://octopart.com/c1206c104k1ractu-kemet-89521"; VariantName = "[No Variations]"
Change component parameters (AddParameter): Name = "Package"; Value = "C1206C-EB"; VariantName = "[No Variations]"
Change component parameters (AddParameter): Name = "RoHS"; Value = "TRUE"; VariantName = "[No Variations]"
Change component parameters (AddParameter): Name = "Temperature"; Value = "-55¢XC to +150¢XC"; VariantName = "[No Variations]"
Change component parameters (AddParameter): Name = "Temperature Characteristic"; Value = "X7R"; VariantName = "[No Variations]"
Change component parameters (AddParameter): Name = "Temperature Coefficient"; Value = "15%"; VariantName = "[No Variations]"
Change component parameters (AddParameter): Name = "Temperature Range High"; Value = "+150¢XC"; VariantName = "[No Variations]"
Change component parameters (AddParameter): Name = "Temperature Range Low"; Value = "-55¢XC"; VariantName = "[No Variations]"
Change component parameters (AddParameter): Name = "Tolerance"; Value = "0.1"; VariantName = "[No Variations]"
Change component parameters (AddParameter): Name = "Value"; Value = "0.10 £gF"; VariantName = "[No Variations]"
Change component parameters (AddParameter): Name = "Voltage Rating"; Value = "100 V"; VariantName = "[No Variations]"
Change component parameters: Designator = "C8" ("C8"); Footprint = "C1206"; UniqueID = "\MHPCHJIS" ("\MHPCHJIS")
Change component parameters (AddParameter): Name = "Automotive"; Value = "Yes"; VariantName = "[No Variations]"
Change component parameters (AddParameter): Name = "Automotive Grade"; Value = "Grade 0"; VariantName = "[No Variations]"
Change component parameters (AddParameter): Name = "Capacitance"; Value = "0.10 £gF"; VariantName = "[No Variations]"
Change component parameters (AddParameter): Name = "Category"; Value = "Cap"; VariantName = "[No Variations]"
Change component parameters (AddParameter): Name = "ComponentLink2Description"; Value = "Datasheet"; VariantName = "[No Variations]"
Change component parameters (AddParameter): Name = "ComponentLink2URL"; Value = "https://content.kemet.com/datasheets/KEM_C1007_X8R_ULTRA_150C_SMD.pdf"; VariantName = "[No Variations]"
Change component parameters (AddParameter): Name = "Device Class L1"; Value = "Passive Components"; VariantName = "[No Variations]"
Change component parameters (AddParameter): Name = "Device Class L2"; Value = "Capacitors"; VariantName = "[No Variations]"
Change component parameters (AddParameter): Name = "Device Class L3"; Value = "Ceramic Capacitors"; VariantName = "[No Variations]"
Change component parameters (AddParameter): Name = "Digikey Description"; Value = "CAP CER 0.1UF 100V X7R 1206"; VariantName = "[No Variations]"
Change component parameters (AddParameter): Name = "Height"; Value = "0.88mm"; VariantName = "[No Variations]"
Change component parameters (AddParameter): Name = "Ipc Land Pattern Name"; Value = "CAPC320160X78"; VariantName = "[No Variations]"
Change component parameters (AddParameter): Name = "Lead Free"; Value = "Yes"; VariantName = "[No Variations]"
Change component parameters (AddParameter): Name = "Manufacturer"; Value = "KEMET"; VariantName = "[No Variations]"
Change component parameters (AddParameter): Name = "Manufacturer Part Number"; Value = "C1206C104K1RACTU"; VariantName = "[No Variations]"
Change component parameters (AddParameter): Name = "Material"; Value = "Ceramic"; VariantName = "[No Variations]"
Change component parameters (AddParameter): Name = "Mouser Description"; Value = "CAP CER 0.1UF 100V X7R 1206"; VariantName = "[No Variations]"
Change component parameters (AddParameter): Name = "Octopart"; Value = "https://octopart.com/c1206c104k1ractu-kemet-89521"; VariantName = "[No Variations]"
Change component parameters (AddParameter): Name = "Package"; Value = "C1206C-EB"; VariantName = "[No Variations]"
Change component parameters (AddParameter): Name = "RoHS"; Value = "TRUE"; VariantName = "[No Variations]"
Change component parameters (AddParameter): Name = "Temperature"; Value = "-55¢XC to +150¢XC"; VariantName = "[No Variations]"
Change component parameters (AddParameter): Name = "Temperature Characteristic"; Value = "X7R"; VariantName = "[No Variations]"
Change component parameters (AddParameter): Name = "Temperature Coefficient"; Value = "15%"; VariantName = "[No Variations]"
Change component parameters (AddParameter): Name = "Temperature Range High"; Value = "+150¢XC"; VariantName = "[No Variations]"
Change component parameters (AddParameter): Name = "Temperature Range Low"; Value = "-55¢XC"; VariantName = "[No Variations]"
Change component parameters (AddParameter): Name = "Tolerance"; Value = "0.1"; VariantName = "[No Variations]"
Change component parameters (AddParameter): Name = "Value"; Value = "0.10 £gF"; VariantName = "[No Variations]"
Change component parameters (AddParameter): Name = "Voltage Rating"; Value = "100 V"; VariantName = "[No Variations]"
Change component parameters: Designator = "R13" ("R13"); Footprint = "J1-0603"; UniqueID = "\QYFEZDTR" ("\QYFEZDTR")
Change component parameters (AddParameter): Name = "Automotive"; Value = "Yes"; VariantName = "[No Variations]"
Change component parameters (AddParameter): Name = "Automotive Grade"; Value = "Grade 0"; VariantName = "[No Variations]"
Change component parameters (AddParameter): Name = "Category"; Value = "Res"; VariantName = "[No Variations]"
Change component parameters (AddParameter): Name = "ComponentLink2Description"; Value = "Datasheet"; VariantName = "[No Variations]"
Change component parameters (AddParameter): Name = "ComponentLink2URL"; Value = "https://industrial.panasonic.com/cdbs/www-data/pdf/RDA0000/AOA0000C304.pdf"; VariantName = "[No Variations]"
Change component parameters (AddParameter): Name = "Composition"; Value = "Thick Film"; VariantName = "[No Variations]"
Change component parameters (AddParameter): Name = "Device Class L1"; Value = "Passive Components"; VariantName = "[No Variations]"
Change component parameters (AddParameter): Name = "Device Class L2"; Value = "Resistors"; VariantName = "[No Variations]"
Change component parameters (AddParameter): Name = "Device Class L3"; Value = "Chip SMD Resistors"; VariantName = "[No Variations]"
Change component parameters (AddParameter): Name = "Digikey Description"; Value = "RES SMD 180 OHM 1% 1/10W 0603"; VariantName = "[No Variations]"
Change component parameters (AddParameter): Name = "Footprint Url"; Value = "https://industrial.panasonic.com/cdbs/www-data/pdf/RDA0000/DMA0000COL17.pdf"; VariantName = "[No Variations]"
Change component parameters (AddParameter): Name = "Height"; Value = "0.55mm"; VariantName = "[No Variations]"
Change component parameters (AddParameter): Name = "Lead Free"; Value = "Yes"; VariantName = "[No Variations]"
Change component parameters (AddParameter): Name = "Manufacturer"; Value = "Panasonic"; VariantName = "[No Variations]"
Change component parameters (AddParameter): Name = "Manufacturer Part Number"; Value = "ERJ3EKF1800V"; VariantName = "[No Variations]"
Change component parameters (AddParameter): Name = "Mouser Description"; Value = "Thick Film Resistors 0603 180ohms 1% AEC-Q200"; VariantName = "[No Variations]"
Change component parameters (AddParameter): Name = "Octopart"; Value = "https://octopart.com/erj-3ekf1800v-panasonic-55421532"; VariantName = "[No Variations]"
Change component parameters (AddParameter): Name = "Package"; Value = "ERJ3EK"; VariantName = "[No Variations]"
Change component parameters (AddParameter): Name = "Power Rating"; Value = "0.1W"; VariantName = "[No Variations]"
Change component parameters (AddParameter): Name = "Resistance"; Value = "180£["; VariantName = "[No Variations]"
Change component parameters (AddParameter): Name = "RoHS"; Value = "TRUE"; VariantName = "[No Variations]"
Change component parameters (AddParameter): Name = "Series"; Value = "ERJ"; VariantName = "[No Variations]"
Change component parameters (AddParameter): Name = "Temperature"; Value = "-55¢XC to +155¢XC"; VariantName = "[No Variations]"
Change component parameters (AddParameter): Name = "Temperature Coefficient"; Value = "100ppm/¢XC"; VariantName = "[No Variations]"
Change component parameters (AddParameter): Name = "Temperature Range High"; Value = "+155¢XC"; VariantName = "[No Variations]"
Change component parameters (AddParameter): Name = "Temperature Range Low"; Value = "-55¢XC"; VariantName = "[No Variations]"
Change component parameters (AddParameter): Name = "Tolerance"; Value = "1%"; VariantName = "[No Variations]"
Change component parameters (AddParameter): Name = "Value"; Value = "180£["; VariantName = "[No Variations]"
Change component parameters (AddParameter): Name = "Voltage Rating"; Value = "75V"; VariantName = "[No Variations]"
Change component parameters: Designator = "D1" ("D1"); Footprint = "3.2X1.6X1.1"; UniqueID = "\WVZMLDHT" ("\WVZMLDHT")
Change component parameters (AddParameter): Name = "Case Code (Imperial)"; Value = "0603"; VariantName = "[No Variations]"
Change component parameters (AddParameter): Name = "Case Code (Metric)"; Value = "1608"; VariantName = "[No Variations]"
Change component parameters (AddParameter): Name = "Case/Package"; Value = "0603"; VariantName = "[No Variations]"
Change component parameters (AddParameter): Name = "Color"; Value = "Green"; VariantName = "[No Variations]"
Change component parameters (AddParameter): Name = "Depth"; Value = "0.6mm"; VariantName = "[No Variations]"
Change component parameters (AddParameter): Name = "Dominant Wavelength"; Value = "571nm"; VariantName = "[No Variations]"
Change component parameters (AddParameter): Name = "Forward Current"; Value = "30mA"; VariantName = "[No Variations]"
Change component parameters (AddParameter): Name = "Forward Voltage"; Value = "2V"; VariantName = "[No Variations]"
Change component parameters (AddParameter): Name = "Height"; Value = "0.6mm"; VariantName = "[No Variations]"
Change component parameters (AddParameter): Name = "Illumination Color"; Value = "Green"; VariantName = "[No Variations]"
Change component parameters (AddParameter): Name = "Lead Free"; Value = "Lead Free"; VariantName = "[No Variations]"
Change component parameters (AddParameter): Name = "Length"; Value = "1.6mm"; VariantName = "[No Variations]"
Change component parameters (AddParameter): Name = "Lens Color"; Value = "Colorless"; VariantName = "[No Variations]"
Change component parameters (AddParameter): Name = "Lens Style"; Value = "Diffused"; VariantName = "[No Variations]"
Change component parameters (AddParameter): Name = "Lens Transparency"; Value = "Clear"; VariantName = "[No Variations]"
Change component parameters (AddParameter): Name = "Luminous Intensity"; Value = "71mcd"; VariantName = "[No Variations]"
Change component parameters (AddParameter): Name = "Max Operating Temperature"; Value = "85¢XC"; VariantName = "[No Variations]"
Change component parameters (AddParameter): Name = "Min Operating Temperature"; Value = "-55¢XC"; VariantName = "[No Variations]"
Change component parameters (AddParameter): Name = "Mount"; Value = "Surface Mount"; VariantName = "[No Variations]"
Change component parameters (AddParameter): Name = "Number of Elements"; Value = "1"; VariantName = "[No Variations]"
Change component parameters (AddParameter): Name = "Number of LEDs"; Value = "1"; VariantName = "[No Variations]"
Change component parameters (AddParameter): Name = "Number of Pins"; Value = "2"; VariantName = "[No Variations]"
Change component parameters (AddParameter): Name = "Package Quantity"; Value = "1"; VariantName = "[No Variations]"
Change component parameters (AddParameter): Name = "Packaging"; Value = "Tape and Reel"; VariantName = "[No Variations]"
Change component parameters (AddParameter): Name = "Power Dissipation"; Value = "75mW"; VariantName = "[No Variations]"
Change component parameters (AddParameter): Name = "Power Rating"; Value = "75mW"; VariantName = "[No Variations]"
Change component parameters (AddParameter): Name = "Radiation Hardening"; Value = "No"; VariantName = "[No Variations]"
Change component parameters (AddParameter): Name = "Reverse Voltage"; Value = "5V"; VariantName = "[No Variations]"
Change component parameters (AddParameter): Name = "Test Current"; Value = "20mA"; VariantName = "[No Variations]"
Change component parameters (AddParameter): Name = "Viewing Angle"; Value = "130¢X"; VariantName = "[No Variations]"
Change component parameters (AddParameter): Name = "Wavelength"; Value = "574nm"; VariantName = "[No Variations]"
Change component parameters (AddParameter): Name = "Width"; Value = "1.15mm"; VariantName = "[No Variations]"
Change component parameters: Designator = "D2" ("D2"); Footprint = "3.2X1.6X1.1"; UniqueID = "\HZYINFKG" ("\HZYINFKG")
Change component parameters (AddParameter): Name = "Case Code (Imperial)"; Value = "0603"; VariantName = "[No Variations]"
Change component parameters (AddParameter): Name = "Case Code (Metric)"; Value = "1608"; VariantName = "[No Variations]"
Change component parameters (AddParameter): Name = "Case/Package"; Value = "0603"; VariantName = "[No Variations]"
Change component parameters (AddParameter): Name = "Color"; Value = "Red"; VariantName = "[No Variations]"
Change component parameters (AddParameter): Name = "Depth"; Value = "0.6mm"; VariantName = "[No Variations]"
Change component parameters (AddParameter): Name = "Dominant Wavelength"; Value = "631nm"; VariantName = "[No Variations]"
Change component parameters (AddParameter): Name = "Forward Current"; Value = "30mA"; VariantName = "[No Variations]"
Change component parameters (AddParameter): Name = "Forward Voltage"; Value = "2V"; VariantName = "[No Variations]"
Change component parameters (AddParameter): Name = "Height"; Value = "0.6mm"; VariantName = "[No Variations]"
Change component parameters (AddParameter): Name = "Illumination Color"; Value = "Red"; VariantName = "[No Variations]"
Change component parameters (AddParameter): Name = "Lead Free"; Value = "Lead Free"; VariantName = "[No Variations]"
Change component parameters (AddParameter): Name = "Length"; Value = "1.6mm"; VariantName = "[No Variations]"
Change component parameters (AddParameter): Name = "Lens Color"; Value = "Colorless"; VariantName = "[No Variations]"
Change component parameters (AddParameter): Name = "Lens Style"; Value = "Diffused"; VariantName = "[No Variations]"
Change component parameters (AddParameter): Name = "Lens Transparency"; Value = "Clear"; VariantName = "[No Variations]"
Change component parameters (AddParameter): Name = "Luminous Intensity"; Value = "54mcd"; VariantName = "[No Variations]"
Change component parameters (AddParameter): Name = "Max Operating Temperature"; Value = "85¢XC"; VariantName = "[No Variations]"
Change component parameters (AddParameter): Name = "Max Power Dissipation"; Value = "75mW"; VariantName = "[No Variations]"
Change component parameters (AddParameter): Name = "Min Operating Temperature"; Value = "-55¢XC"; VariantName = "[No Variations]"
Change component parameters (AddParameter): Name = "Mount"; Value = "Surface Mount"; VariantName = "[No Variations]"
Change component parameters (AddParameter): Name = "Number of Elements"; Value = "1"; VariantName = "[No Variations]"
Change component parameters (AddParameter): Name = "Number of LEDs"; Value = "1"; VariantName = "[No Variations]"
Change component parameters (AddParameter): Name = "Number of Pins"; Value = "2"; VariantName = "[No Variations]"
Change component parameters (AddParameter): Name = "Package Quantity"; Value = "1"; VariantName = "[No Variations]"
Change component parameters (AddParameter): Name = "Packaging"; Value = "Tape and Reel"; VariantName = "[No Variations]"
Change component parameters (AddParameter): Name = "Power Dissipation"; Value = "75mW"; VariantName = "[No Variations]"
Change component parameters (AddParameter): Name = "Power Rating"; Value = "75mW"; VariantName = "[No Variations]"
Change component parameters (AddParameter): Name = "Radiation Hardening"; Value = "No"; VariantName = "[No Variations]"
Change component parameters (AddParameter): Name = "Reverse Voltage"; Value = "5V"; VariantName = "[No Variations]"
Change component parameters (AddParameter): Name = "Test Current"; Value = "20mA"; VariantName = "[No Variations]"
Change component parameters (AddParameter): Name = "Viewing Angle"; Value = "130¢X"; VariantName = "[No Variations]"
Change component parameters (AddParameter): Name = "Wavelength"; Value = "639nm"; VariantName = "[No Variations]"
Change component parameters (AddParameter): Name = "Width"; Value = "1.15mm"; VariantName = "[No Variations]"
Change component parameters: Designator = "R2" ("R2"); Footprint = "J1-0603"; UniqueID = "\DKZXQNDH" ("\DKZXQNDH")
Change component parameters (AddParameter): Name = "Case Code (Imperial)"; Value = "0603"; VariantName = "[No Variations]"
Change component parameters (AddParameter): Name = "Case Code (Metric)"; Value = "1608"; VariantName = "[No Variations]"
Change component parameters (AddParameter): Name = "Case\/Package"; Value = "0603"; VariantName = "[No Variations]"
Change component parameters (AddParameter): Name = "Composition"; Value = "ThickFilm"; VariantName = "[No Variations]"
Change component parameters (AddParameter): Name = "Contact Plating"; Value = "Tin"; VariantName = "[No Variations]"
Change component parameters (AddParameter): Name = "Datasheet URL"; Value = "https://industrial.panasonic.com/cdbs/www-data/pdf/RDA0000/AOA0000C304.pdf"; VariantName = "[No Variations]"
Change component parameters (AddParameter): Name = "Datasheet Version"; Value = "02/2017"; VariantName = "[No Variations]"
Change component parameters (AddParameter): Name = "Depth"; Value = "0.8mm"; VariantName = "[No Variations]"
Change component parameters (AddParameter): Name = "Height"; Value = "0.45mm"; VariantName = "[No Variations]"
Change component parameters (AddParameter): Name = "Lead Free"; Value = "LeadFree"; VariantName = "[No Variations]"
Change component parameters (AddParameter): Name = "Length"; Value = "1.6mm"; VariantName = "[No Variations]"
Change component parameters (AddParameter): Name = "Manufacturer"; Value = "Panasonic"; VariantName = "[No Variations]"
Change component parameters (AddParameter): Name = "Manufacturer URL"; Value = "http://www.panasonic.com/"; VariantName = "[No Variations]"
Change component parameters (AddParameter): Name = "Max Operating Temperature"; Value = "155degC"; VariantName = "[No Variations]"
Change component parameters (AddParameter): Name = "Max Power Dissipation"; Value = "100mW"; VariantName = "[No Variations]"
Change component parameters (AddParameter): Name = "Military Standard"; Value = "Not"; VariantName = "[No Variations]"
Change component parameters (AddParameter): Name = "Min Operating Temperature"; Value = "-55degC"; VariantName = "[No Variations]"
Change component parameters (AddParameter): Name = "Mount"; Value = "SurfaceMount"; VariantName = "[No Variations]"
Change component parameters (AddParameter): Name = "Mounting Technology"; Value = "SurfaceMount"; VariantName = "[No Variations]"
Change component parameters (AddParameter): Name = "Number of Pins"; Value = "2"; VariantName = "[No Variations]"
Change component parameters (AddParameter): Name = "Number of Terminations"; Value = "2"; VariantName = "[No Variations]"
Change component parameters (AddParameter): Name = "Package Description"; Value = "2-Pin Surface Mount Device, Body 1.6 x 0.85 mm"; VariantName = "[No Variations]"
Change component parameters (AddParameter): Name = "Package Quantity"; Value = "1"; VariantName = "[No Variations]"
Change component parameters (AddParameter): Name = "Package Reference"; Value = "603"; VariantName = "[No Variations]"
Change component parameters (AddParameter): Name = "Packaging"; Value = "TapeandReel"; VariantName = "[No Variations]"
Change component parameters (AddParameter): Name = "Power Rating"; Value = "100mW"; VariantName = "[No Variations]"
Change component parameters (AddParameter): Name = "Radiation Hardening"; Value = "No"; VariantName = "[No Variations]"
Change component parameters (AddParameter): Name = "REACH SVHC"; Value = "NoSVHC"; VariantName = "[No Variations]"
Change component parameters (AddParameter): Name = "Resistance"; Value = "10KOhm"; VariantName = "[No Variations]"
Change component parameters (AddParameter): Name = "RoHSCompliant"; Value = "true"; VariantName = "[No Variations]"
Change component parameters (AddParameter): Name = "Temperature Coefficient"; Value = "100ppm\/degreesC"; VariantName = "[No Variations]"
Change component parameters (AddParameter): Name = "Termination"; Value = "SMD/SMT"; VariantName = "[No Variations]"
Change component parameters (AddParameter): Name = "Tolerance"; Value = "1%"; VariantName = "[No Variations]"
Change component parameters (AddParameter): Name = "Voltage Rating"; Value = "75V"; VariantName = "[No Variations]"
Change component parameters (AddParameter): Name = "Voltage Rating (DC)"; Value = "75V"; VariantName = "[No Variations]"
Change component parameters (AddParameter): Name = "Width"; Value = "0.031inch"; VariantName = "[No Variations]"
Change component parameters: Designator = "R3" ("R3"); Footprint = "J1-0603"; UniqueID = "\CWQTOHLL" ("\CWQTOHLL")
Change component parameters (AddParameter): Name = "Case Code (Imperial)"; Value = "0603"; VariantName = "[No Variations]"
Change component parameters (AddParameter): Name = "Case Code (Metric)"; Value = "1608"; VariantName = "[No Variations]"
Change component parameters (AddParameter): Name = "Case\/Package"; Value = "0603"; VariantName = "[No Variations]"
Change component parameters (AddParameter): Name = "Composition"; Value = "ThickFilm"; VariantName = "[No Variations]"
Change component parameters (AddParameter): Name = "Contact Plating"; Value = "Tin"; VariantName = "[No Variations]"
Change component parameters (AddParameter): Name = "Datasheet URL"; Value = "https://industrial.panasonic.com/cdbs/www-data/pdf/RDA0000/AOA0000C304.pdf"; VariantName = "[No Variations]"
Change component parameters (AddParameter): Name = "Datasheet Version"; Value = "02/2017"; VariantName = "[No Variations]"
Change component parameters (AddParameter): Name = "Depth"; Value = "0.8mm"; VariantName = "[No Variations]"
Change component parameters (AddParameter): Name = "Height"; Value = "0.45mm"; VariantName = "[No Variations]"
Change component parameters (AddParameter): Name = "Lead Free"; Value = "LeadFree"; VariantName = "[No Variations]"
Change component parameters (AddParameter): Name = "Length"; Value = "1.6mm"; VariantName = "[No Variations]"
Change component parameters (AddParameter): Name = "Manufacturer"; Value = "Panasonic"; VariantName = "[No Variations]"
Change component parameters (AddParameter): Name = "Manufacturer URL"; Value = "http://www.panasonic.com/"; VariantName = "[No Variations]"
Change component parameters (AddParameter): Name = "Max Operating Temperature"; Value = "155degC"; VariantName = "[No Variations]"
Change component parameters (AddParameter): Name = "Max Power Dissipation"; Value = "100mW"; VariantName = "[No Variations]"
Change component parameters (AddParameter): Name = "Military Standard"; Value = "Not"; VariantName = "[No Variations]"
Change component parameters (AddParameter): Name = "Min Operating Temperature"; Value = "-55degC"; VariantName = "[No Variations]"
Change component parameters (AddParameter): Name = "Mount"; Value = "SurfaceMount"; VariantName = "[No Variations]"
Change component parameters (AddParameter): Name = "Mounting Technology"; Value = "SurfaceMount"; VariantName = "[No Variations]"
Change component parameters (AddParameter): Name = "Number of Pins"; Value = "2"; VariantName = "[No Variations]"
Change component parameters (AddParameter): Name = "Number of Terminations"; Value = "2"; VariantName = "[No Variations]"
Change component parameters (AddParameter): Name = "Package Description"; Value = "2-Pin Surface Mount Device, Body 1.6 x 0.85 mm"; VariantName = "[No Variations]"
Change component parameters (AddParameter): Name = "Package Quantity"; Value = "1"; VariantName = "[No Variations]"
Change component parameters (AddParameter): Name = "Package Reference"; Value = "603"; VariantName = "[No Variations]"
Change component parameters (AddParameter): Name = "Packaging"; Value = "TapeandReel"; VariantName = "[No Variations]"
Change component parameters (AddParameter): Name = "Power Rating"; Value = "100mW"; VariantName = "[No Variations]"
Change component parameters (AddParameter): Name = "Radiation Hardening"; Value = "No"; VariantName = "[No Variations]"
Change component parameters (AddParameter): Name = "REACH SVHC"; Value = "NoSVHC"; VariantName = "[No Variations]"
Change component parameters (AddParameter): Name = "Resistance"; Value = "10KOhm"; VariantName = "[No Variations]"
Change component parameters (AddParameter): Name = "RoHSCompliant"; Value = "true"; VariantName = "[No Variations]"
Change component parameters (AddParameter): Name = "Temperature Coefficient"; Value = "100ppm\/degreesC"; VariantName = "[No Variations]"
Change component parameters (AddParameter): Name = "Termination"; Value = "SMD/SMT"; VariantName = "[No Variations]"
Change component parameters (AddParameter): Name = "Tolerance"; Value = "1%"; VariantName = "[No Variations]"
Change component parameters (AddParameter): Name = "Voltage Rating"; Value = "75V"; VariantName = "[No Variations]"
Change component parameters (AddParameter): Name = "Voltage Rating (DC)"; Value = "75V"; VariantName = "[No Variations]"
Change component parameters (AddParameter): Name = "Width"; Value = "0.031inch"; VariantName = "[No Variations]"
Change component parameters: Designator = "R5" ("R5"); Footprint = "J1-0603"; UniqueID = "\YIUCBSDW" ("\YIUCBSDW")
Change component parameters (AddParameter): Name = "Case Code (Imperial)"; Value = "0603"; VariantName = "[No Variations]"
Change component parameters (AddParameter): Name = "Case Code (Metric)"; Value = "1608"; VariantName = "[No Variations]"
Change component parameters (AddParameter): Name = "Case\/Package"; Value = "0603"; VariantName = "[No Variations]"
Change component parameters (AddParameter): Name = "Composition"; Value = "ThickFilm"; VariantName = "[No Variations]"
Change component parameters (AddParameter): Name = "Contact Plating"; Value = "Tin"; VariantName = "[No Variations]"
Change component parameters (AddParameter): Name = "Datasheet URL"; Value = "https://industrial.panasonic.com/cdbs/www-data/pdf/RDA0000/AOA0000C304.pdf"; VariantName = "[No Variations]"
Change component parameters (AddParameter): Name = "Datasheet Version"; Value = "02/2017"; VariantName = "[No Variations]"
Change component parameters (AddParameter): Name = "Depth"; Value = "0.8mm"; VariantName = "[No Variations]"
Change component parameters (AddParameter): Name = "Height"; Value = "0.45mm"; VariantName = "[No Variations]"
Change component parameters (AddParameter): Name = "Lead Free"; Value = "LeadFree"; VariantName = "[No Variations]"
Change component parameters (AddParameter): Name = "Length"; Value = "1.6mm"; VariantName = "[No Variations]"
Change component parameters (AddParameter): Name = "Manufacturer"; Value = "Panasonic"; VariantName = "[No Variations]"
Change component parameters (AddParameter): Name = "Manufacturer URL"; Value = "http://www.panasonic.com/"; VariantName = "[No Variations]"
Change component parameters (AddParameter): Name = "Max Operating Temperature"; Value = "155degC"; VariantName = "[No Variations]"
Change component parameters (AddParameter): Name = "Max Power Dissipation"; Value = "100mW"; VariantName = "[No Variations]"
Change component parameters (AddParameter): Name = "Military Standard"; Value = "Not"; VariantName = "[No Variations]"
Change component parameters (AddParameter): Name = "Min Operating Temperature"; Value = "-55degC"; VariantName = "[No Variations]"
Change component parameters (AddParameter): Name = "Mount"; Value = "SurfaceMount"; VariantName = "[No Variations]"
Change component parameters (AddParameter): Name = "Mounting Technology"; Value = "SurfaceMount"; VariantName = "[No Variations]"
Change component parameters (AddParameter): Name = "Number of Pins"; Value = "2"; VariantName = "[No Variations]"
Change component parameters (AddParameter): Name = "Number of Terminations"; Value = "2"; VariantName = "[No Variations]"
Change component parameters (AddParameter): Name = "Package Description"; Value = "2-Pin Surface Mount Device, Body 1.6 x 0.85 mm"; VariantName = "[No Variations]"
Change component parameters (AddParameter): Name = "Package Quantity"; Value = "1"; VariantName = "[No Variations]"
Change component parameters (AddParameter): Name = "Package Reference"; Value = "603"; VariantName = "[No Variations]"
Change component parameters (AddParameter): Name = "Packaging"; Value = "TapeandReel"; VariantName = "[No Variations]"
Change component parameters (AddParameter): Name = "Power Rating"; Value = "100mW"; VariantName = "[No Variations]"
Change component parameters (AddParameter): Name = "Radiation Hardening"; Value = "No"; VariantName = "[No Variations]"
Change component parameters (AddParameter): Name = "REACH SVHC"; Value = "NoSVHC"; VariantName = "[No Variations]"
Change component parameters (AddParameter): Name = "Resistance"; Value = "10KOhm"; VariantName = "[No Variations]"
Change component parameters (AddParameter): Name = "RoHSCompliant"; Value = "true"; VariantName = "[No Variations]"
Change component parameters (AddParameter): Name = "Temperature Coefficient"; Value = "100ppm\/degreesC"; VariantName = "[No Variations]"
Change component parameters (AddParameter): Name = "Termination"; Value = "SMD/SMT"; VariantName = "[No Variations]"
Change component parameters (AddParameter): Name = "Tolerance"; Value = "1%"; VariantName = "[No Variations]"
Change component parameters (AddParameter): Name = "Voltage Rating"; Value = "75V"; VariantName = "[No Variations]"
Change component parameters (AddParameter): Name = "Voltage Rating (DC)"; Value = "75V"; VariantName = "[No Variations]"
Change component parameters (AddParameter): Name = "Width"; Value = "0.031inch"; VariantName = "[No Variations]"
Added Component: Designator=C9(CAPC1206(3216)190_L)
Add component (AddParameter): Name = "Case-EIA"; Value = "1206"; VariantName = "[No Variations]"
Add component (AddParameter): Name = "Case-Metric"; Value = "3216"; VariantName = "[No Variations]"
Add component (AddParameter): Name = "Max Thickness"; Value = "1.9 mm"; VariantName = "[No Variations]"
Add component (AddParameter): Name = "Rated Voltage"; Value = "6.3 V"; VariantName = "[No Variations]"
Add component (AddParameter): Name = "Technology"; Value = "SMT"; VariantName = "[No Variations]"
Add component (AddParameter): Name = "Tolerance"; Value = "A¡Ó20%"; VariantName = "[No Variations]"
Add component (AddParameter): Name = "Value"; Value = "22uF"; VariantName = "[No Variations]"
Added Component: Designator=R8(RESC1608X55X30ML15T15)
Add component (AddParameter): Name = "Manufacturer"; Value = "Panasonic"; VariantName = "[No Variations]"
Add component (AddParameter): Name = "Part Number"; Value = "ERJ-3EKF1101V"; VariantName = "[No Variations]"
Added Component: Designator=R9(RESC1608X55X30ML15T15)
Add component (AddParameter): Name = "ComponentLink1Description"; Value = "Manufacturer URL"; VariantName = "[No Variations]"
Add component (AddParameter): Name = "ComponentLink1URL"; Value = "http://www.panasonic.com/"; VariantName = "[No Variations]"
Add component (AddParameter): Name = "ComponentLink2Description"; Value = "Datasheet"; VariantName = "[No Variations]"
Add component (AddParameter): Name = "ComponentLink2URL"; Value = "http://industrial.panasonic.com/cdbs/www-data/pdf/RDA0000/AOA0000C86.pdf"; VariantName = "[No Variations]"
Add component (AddParameter): Name = "DatasheetVersion"; Value = "Apr-15"; VariantName = "[No Variations]"
Add component (AddParameter): Name = "Frequency"; Value = "2450 MHz"; VariantName = "[No Variations]"
Add component (AddParameter): Name = "Height"; Value = "0.5 mm"; VariantName = "[No Variations]"
Add component (AddParameter): Name = "Impedance"; Value = "50 Ohm"; VariantName = "[No Variations]"
Add component (AddParameter): Name = "Length"; Value = "3.2 mm"; VariantName = "[No Variations]"
Add component (AddParameter): Name = "Max Operating Temperature"; Value = "80degC"; VariantName = "[No Variations]"
Add component (AddParameter): Name = "Min Operating Temperature"; Value = "-20degC"; VariantName = "[No Variations]"
Add component (AddParameter): Name = "Mount"; Value = "Surface Mount"; VariantName = "[No Variations]"
Add component (AddParameter): Name = "Package Quantity"; Value = "3000"; VariantName = "[No Variations]"
Add component (AddParameter): Name = "PackageDescription"; Value = "2-Pin Surface Mount Device, Body 1.6 x 0.85 mm"; VariantName = "[No Variations]"
Add component (AddParameter): Name = "PackageReference"; Value = "0603"; VariantName = "[No Variations]"
Add component (AddParameter): Name = "Packaging"; Value = "Tape and Reel"; VariantName = "[No Variations]"
Add component (AddParameter): Name = "Pins"; Value = "2"; VariantName = "[No Variations]"
Add component (AddParameter): Name = "Radiation Hardening"; Value = "No"; VariantName = "[No Variations]"
Add component (AddParameter): Name = "REACH SVHC"; Value = "No SVHC"; VariantName = "[No Variations]"
Add component (AddParameter): Name = "RoHSCompliant"; Value = "True"; VariantName = "[No Variations]"
Add component (AddParameter): Name = "Width"; Value = "1.6 mm"; VariantName = "[No Variations]"
Added Pin To Net: NetName=GND Pin=C1-1
Added Pin To Net: NetName=GND Pin=C3-1
Added Pin To Net: NetName=V_BATT Pin=C3-2
Added Pin To Net: NetName=NetC5_2 Pin=C5-1
Added Pin To Net: NetName=NetC5_2 Pin=C6-1
Added Pin To Net: NetName=GND Pin=C6-2
Added Pin To Net: NetName=NetC5_2 Pin=C7-1
Added Pin To Net: NetName=GND Pin=C7-2
Added Pin To Net: NetName=GND Pin=C8-2
Added Pin To Net: NetName=GND Pin=C9-1
Added Pin To Net: NetName=NetC5_2 Pin=D1-2
Added Pin To Net: NetName=NetC5_2 Pin=D2-2
Added Pin To Net: NetName=GND Pin=R3-1
Added Pin To Net: NetName=V_BATT Pin=R4-2
Added Pin To Net: NetName=GND Pin=R5-1
Added Pin To Net: NetName=NetC5_2 Pin=R6-2
Added Pin To Net: NetName=GND Pin=R8-1
Added Pin To Net: NetName=GND Pin=R9-1
Added Pin To Net: NetName=GND Pin=R10-1
Added Pin To Net: NetName=NetR7_1 Pin=R10-2
Added Pin To Net: NetName=GND Pin=R11-1
Added Pin To Net: NetName=GND Pin=SW1-4
Added Pin To Net: NetName=GND Pin=SW1-5
Added Pin To Net: NetName=GND Pin=SW1-6
Added Pin To Net: NetName=GND Pin=SW1-7
Added Pin To Net: NetName=NetR7_1 Pin=U3-10
Change Net Name : Old Net Name=NetC5_2 New Net Name=NetC5_1
Added Pin To Net: NetName=3V3 Pin=C9-2
Added Pin To Net: NetName=3V3 Pin=P3-3
Added Pin To Net: NetName=3V3 Pin=R7-2
Added Pin To Net: NetName=3V3 Pin=U3-2
Added Net: Name=3V3
Added Pin To Net: NetName=NetC1_2 Pin=C1-2
Added Pin To Net: NetName=NetC1_2 Pin=U1-5
Added Net: Name=NetC1_2
Added Pin To Net: NetName=NetC5_2 Pin=C5-2
Added Pin To Net: NetName=NetC5_2 Pin=R6-1
Added Pin To Net: NetName=NetC5_2 Pin=R9-2
Added Pin To Net: NetName=NetC5_2 Pin=U3-7
Added Net: Name=NetC5_2
Added Pin To Net: NetName=NetC8_1 Pin=C8-1
Added Pin To Net: NetName=NetC8_1 Pin=U3-1
Added Net: Name=NetC8_1
Added Pin To Net: NetName=NetD1_1 Pin=D1-1
Added Pin To Net: NetName=NetD1_1 Pin=R12-2
Added Net: Name=NetD1_1
Added Pin To Net: NetName=NetD2_1 Pin=D2-1
Added Pin To Net: NetName=NetD2_1 Pin=R13-2
Added Net: Name=NetD2_1
Added Pin To Net: NetName=NetR3_2 Pin=R3-2
Added Pin To Net: NetName=NetR3_2 Pin=U1-10
Added Net: Name=NetR3_2
Added Pin To Net: NetName=NetR4_1 Pin=R4-1
Added Pin To Net: NetName=NetR4_1 Pin=SW1-3
Added Net: Name=NetR4_1
Added Pin To Net: NetName=NetR5_2 Pin=R5-2
Added Pin To Net: NetName=NetR5_2 Pin=U2-1
Added Net: Name=NetR5_2
Added Pin To Net: NetName=NetR8_2 Pin=R8-2
Added Pin To Net: NetName=NetR8_2 Pin=U2-12
Added Net: Name=NetR8_2
Added Pin To Net: NetName=NetR11_2 Pin=R11-2
Added Pin To Net: NetName=NetR11_2 Pin=U2-16
Added Net: Name=NetR11_2
Added Pin To Net: NetName=NetR12_1 Pin=R12-1
Added Pin To Net: NetName=NetR12_1 Pin=U2-7
Added Net: Name=NetR12_1
Added Pin To Net: NetName=NetR13_1 Pin=R13-1
Added Pin To Net: NetName=NetR13_1 Pin=U2-9
Added Net: Name=NetR13_1
Change Class Name : Old Net Name=Sheet3 New Net Name=battery-module-60mm-side
Added Member To Class: ClassName=battery-module-60mm-side Member=Component C9 CAP 22uF 6.3V 1206(3216)
Added Member To Class: ClassName=battery-module-60mm-side Member=Component R8 ERJ-3EKF1101V
Added Member To Class: ClassName=battery-module-60mm-side Member=Component R9 ERJ-3EKF2203V
Added Room: Name=battery-module-60mm-side
