Removed Pin From Net: NetName=NetC5_1 Pin=C5-1
Removed Pin From Net: NetName=NetC5_1 Pin=R6-2
Removed Pin From Net: NetName=3V3 Pin=R7-2
Removed Pin From Net: NetName=GND Pin=R9-1
Removed Pin From Net: NetName=GND Pin=R11-1
Removed Member From Class: ClassName=battery-module-60mm-side Member=C9
Removed Member From Class: ClassName=battery-module-60mm-side Member=R10
Removed Member From Class: ClassName=battery-module-60mm-side Member=R11
Removed Member From Class: ClassName=battery-module-60mm-side Member=R12
Removed Member From Class: ClassName=battery-module-60mm-side Member=R13
Removed Member From Class: ClassName=battery-module-60mm-side Member=R14
Change Component Designator: OldDesignator=3V3 NewDesignator=SJ1
Change Component Designator: OldDesignator=C3 NewDesignator=C4
Change Component Designator: OldDesignator=C4 NewDesignator=C3
Change Component Designator: OldDesignator=C6 NewDesignator=C5
Change Component Designator: OldDesignator=C7 NewDesignator=C6
Change Component Designator: OldDesignator=C8 NewDesignator=C7
Change Component Designator: OldDesignator=C9 NewDesignator=C8
Change Component Designator: OldDesignator=D1 NewDesignator=D2
Change Component Designator: OldDesignator=D2 NewDesignator=D3
Change Component Designator: OldDesignator=D3 NewDesignator=D1
Change Component Designator: OldDesignator=R1 NewDesignator=R2
Change Component Designator: OldDesignator=R2 NewDesignator=R3
Change Component Designator: OldDesignator=R3 NewDesignator=R4
Change Component Designator: OldDesignator=R8 NewDesignator=R6
Change Component Designator: OldDesignator=R10 NewDesignator=R7
Change Component Designator: OldDesignator=R12 NewDesignator=R8
Change Component Designator: OldDesignator=R13 NewDesignator=R9
Change Component Designator: OldDesignator=R14 NewDesignator=R1
Added Pin To Net: NetName=NetC5_1 Pin=U3-7
Added Pin To Net: NetName=3V3 Pin=U3-10
Change Net Name : Old Net Name=NetC4_1 New Net Name=NetC3_1
Change Net Name : Old Net Name=NetC9_1 New Net Name=NetC8_1
Change Net Name : Old Net Name=NetD1_1 New Net Name=NetD2_1
Change Net Name : Old Net Name=NetD2_1 New Net Name=NetD3_1
Change Net Name : Old Net Name=NetD3_1 New Net Name=NetD1_1
Change Net Name : Old Net Name=NetD3_2 New Net Name=NetD1_2
Change Net Name : Old Net Name=NetR2_2 New Net Name=NetR3_2
Change Net Name : Old Net Name=NetR3_2 New Net Name=NetR4_2
Change Net Name : Old Net Name=NetR8_2 New Net Name=NetR6_2
Change Net Name : Old Net Name=NetR10_2 New Net Name=NetR7_2
Change Net Name : Old Net Name=NetR12_1 New Net Name=NetR8_1
Change Net Name : Old Net Name=NetR13_1 New Net Name=NetR9_1
Added Member To Class: ClassName=battery-module-60mm-side Member=Component R4 ERJ3EKF1002V
