Removed Member From Class: ClassName=ESP32 Member=R5
Removed Member From Class: ClassName=stm32F7 Member=R5
Removed Member From Class: ClassName=stm32F7 Member=R7
Removed Member From Class: ClassName=IMU Member=R13
Added Component: Designator=J9(MOLX-503480-1000)
Add component (AddParameter): Name = "Circuits (Loaded)"; Value = "10"; VariantName = "[No Variations]"
Add component (AddParameter): Name = "ComponentLink1Description"; Value = "Manufacturer URL"; VariantName = "[No Variations]"
Add component (AddParameter): Name = "ComponentLink1URL"; Value = "http://www.molex.com/molex/index.jsp"; VariantName = "[No Variations]"
Add component (AddParameter): Name = "ComponentLink2Description"; Value = "Datasheet"; VariantName = "[No Variations]"
Add component (AddParameter): Name = "ComponentLink2URL"; Value = "http://www.molex.com/webdocs/datasheets/pdf/en-us/5034801000_FFC_FPC_CONNECTORS.pdf"; VariantName = "[No Variations]"
Add component (AddParameter): Name = "ComponentLink3Description"; Value = "Package Specification"; VariantName = "[No Variations]"
Add component (AddParameter): Name = "ComponentLink3URL"; Value = "http://www.molex.com/pdm_docs/sd/5034801000_sd.pdf"; VariantName = "[No Variations]"
Add component (AddParameter): Name = "Contact Position"; Value = "Dual"; VariantName = "[No Variations]"
Add component (AddParameter): Name = "Current (Max per Contact)"; Value = "0.5A"; VariantName = "[No Variations]"
Add component (AddParameter): Name = "Durability (mating cycles max)"; Value = "10"; VariantName = "[No Variations]"
Add component (AddParameter): Name = "Entry Angle"; Value = "90degrees Angle"; VariantName = "[No Variations]"
Add component (AddParameter): Name = "Manufacturer"; Value = "Molex"; VariantName = "[No Variations]"
Add component (AddParameter): Name = "Mated Height"; Value = "1.00mm"; VariantName = "[No Variations]"
Add component (AddParameter): Name = "Material - Metal"; Value = "Phosphor Bronze"; VariantName = "[No Variations]"
Add component (AddParameter): Name = "Material - Plating Mating"; Value = "Gold"; VariantName = "[No Variations]"
Add component (AddParameter): Name = "Material - Plating Termination"; Value = "Gold, Tin"; VariantName = "[No Variations]"
Add component (AddParameter): Name = "Mounting Technology"; Value = "Surface Mount"; VariantName = "[No Variations]"
Add component (AddParameter): Name = "Number of Rows"; Value = "1"; VariantName = "[No Variations]"
Add component (AddParameter): Name = "Orientation"; Value = "Right Angle"; VariantName = "[No Variations]"
Add component (AddParameter): Name = "PackageDescription"; Value = "10-Lead FPC Connector, Pitch 0.5 mm"; VariantName = "[No Variations]"
Add component (AddParameter): Name = "PackageReference"; Value = "503480-1000"; VariantName = "[No Variations]"
Add component (AddParameter): Name = "PackageVersion"; Value = "Rev. F, 09/2012"; VariantName = "[No Variations]"
Add component (AddParameter): Name = "Packing"; Value = "Tape and Reel"; VariantName = "[No Variations]"
Add component (AddParameter): Name = "PartNumber"; Value = "503480-1000"; VariantName = "[No Variations]"
Add component (AddParameter): Name = "PCB Locator"; Value = "No"; VariantName = "[No Variations]"
Add component (AddParameter): Name = "PCB Retention"; Value = "Yes"; VariantName = "[No Variations]"
Add component (AddParameter): Name = "Pitch - Mating Interface"; Value = "0.50mm"; VariantName = "[No Variations]"
Add component (AddParameter): Name = "Polarized to PCB"; Value = "Yes"; VariantName = "[No Variations]"
Add component (AddParameter): Name = "RoHS"; Value = "TRUE"; VariantName = "[No Variations]"
Add component (AddParameter): Name = "Stackable"; Value = "No"; VariantName = "[No Variations]"
Add component (AddParameter): Name = "Voltage (Max)"; Value = "50V AC (RMS)/DC"; VariantName = "[No Variations]"
Added Pin To Net: NetName=NetJ3_1 Pin=J9-1
Added Pin To Net: NetName=NetJ4_1 Pin=J9-2
Added Pin To Net: NetName=NetJ5_1 Pin=J9-3
Added Pin To Net: NetName=NetJ6_1 Pin=J9-4
Added Pin To Net: NetName=NetJ7_1 Pin=J9-5
Added Pin To Net: NetName=NetJ8_1 Pin=J9-6
Added Pin To Net: NetName=5V Pin=J9-7
Added Pin To Net: NetName=GND Pin=J9-9
Added Pin To Net: NetName=GND Pin=J9-MP1
Added Pin To Net: NetName=GND Pin=J9-MP2
Added Pin To Net: NetName=NetJ9_8 Pin=J9-8
Added Pin To Net: NetName=NetJ9_8 Pin=MD1-10
Added Pin To Net: NetName=NetJ9_8 Pin=P6-2
Added Net: Name=NetJ9_8
Added Member To Class: ClassName=ESP32 Member=Component J9 503480-1000
Added Member To Class: ClassName=ESP32 Member=Component R8 Res3
Added Member To Class: ClassName=stm32F7 Member=Component R10 Res3
Added Member To Class: ClassName=stm32F7 Member=Component R11 Res3
Added Member To Class: ClassName=stm32F7 Member=Component R12 Res3
Added Member To Class: ClassName=stm32F7 Member=Component R14 Res3
Added Member To Class: ClassName=IMU Member=Component R15 Res3
Added Member To Class: ClassName=IMU Member=Component R18 Res3
Added Member To Class: ClassName=IMU Member=Component R20 Res3
Added Member To Class: ClassName=IMU Member=Component R22 Res3
