Removed Pin From Net: NetName=GND Pin=C13-1
Removed Pin From Net: NetName=GND Pin=C14-1
Removed Pin From Net: NetName=GND Pin=C17-1
Removed Pin From Net: NetName=3V3 Pin=C17-2
Removed Pin From Net: NetName=GND Pin=C18-1
Removed Pin From Net: NetName=GND Pin=C19-1
Removed Pin From Net: NetName=GND Pin=C20-1
Removed Pin From Net: NetName=3V3 Pin=Q2-3
Removed Pin From Net: NetName=3V3 Pin=R17-2
Removed Member From Class: ClassName=power Member=C13
Removed Member From Class: ClassName=power Member=C14
Removed Member From Class: ClassName=power Member=C17
Removed Member From Class: ClassName=power Member=C18
Removed Member From Class: ClassName=power Member=C19
Removed Member From Class: ClassName=power Member=C20
Removed Member From Class: ClassName=power Member=Q2
Removed Member From Class: ClassName=power Member=R17
Removed Member From Class: ClassName=power Member=R18
Removed Member From Class: ClassName=power Member=U1
Removed Member From Class: ClassName=motor Member=U4
Change Component Footprint: Designator=C15 Old Footprint=POLAR0.8 New Footprint=C1206
Change Component Footprint: Designator=C16 Old Footprint=RAD-0.3 New Footprint=C1206
Change Component Comment : Designator=C16 Old Comment=Cap New Comment=Cap Semi
Change Component Comment : Designator=C15 Old Comment=Cap Pol2 New Comment=Cap Semi
Change component parameters: Designator = "C15" ("C15"); Footprint = "POLAR0.8"; UniqueID = "\QXEQFBWU\VTQDOQCX" ("\QXEQFBWU\VTQDOQCX")
Change component parameters (AddParameter): Name = "LatestRevisionDate"; Value = "29-May-2009"; VariantName = "[No Variations]"
Change component parameters (AddParameter): Name = "LatestRevisionNote"; Value = "IPC-7351 Footprint Added."; VariantName = "[No Variations]"
Change component parameters (AddParameter): Name = "PackageDescription"; Value = "Chip Capacitor"; VariantName = "[No Variations]"
Change component parameters (AddParameter): Name = "PackageReference"; Value = "C1206"; VariantName = "[No Variations]"
Change component parameters (AddParameter): Name = "Published"; Value = "8-Jun-2000"; VariantName = "[No Variations]"
Change component parameters (AddParameter): Name = "Publisher"; Value = "Altium Limited"; VariantName = "[No Variations]"
Change component parameters (AddParameter): Name = "Value"; Value = "100pF"; VariantName = "[No Variations]"
Change component parameters: Designator = "C16" ("C16"); Footprint = "RAD-0.3"; UniqueID = "\QXEQFBWU\SFHKBTXJ" ("\QXEQFBWU\SFHKBTXJ")
Change component parameters (AddParameter): Name = "LatestRevisionDate"; Value = "29-May-2009"; VariantName = "[No Variations]"
Change component parameters (AddParameter): Name = "LatestRevisionNote"; Value = "IPC-7351 Footprint Added."; VariantName = "[No Variations]"
Change component parameters (AddParameter): Name = "PackageDescription"; Value = "Chip Capacitor"; VariantName = "[No Variations]"
Change component parameters (AddParameter): Name = "PackageReference"; Value = "C1206"; VariantName = "[No Variations]"
Change component parameters (AddParameter): Name = "Published"; Value = "8-Jun-2000"; VariantName = "[No Variations]"
Change component parameters (AddParameter): Name = "Publisher"; Value = "Altium Limited"; VariantName = "[No Variations]"
Change component parameters (AddParameter): Name = "Value"; Value = "100pF"; VariantName = "[No Variations]"
Added Member To Class: ClassName=ESP32 Member=Component C11 Cap Semi
Added Member To Class: ClassName=power Member=Component C? Cap Semi
Added Member To Class: ClassName=ESP32 Member=Component R16 Res3
Added Member To Class: ClassName=ESP32 Member=Component S2
Added Member To Class: ClassName=motor Member=Component U2 BD6210HFP-TR
Added Member To Class: ClassName=motor Member=Component U3 BD6210HFP-TR
Added Member To Class: ClassName=power Member=Component U? LP2980AIM5-3.3/NOPB
Added Room: Name=motor
Added Room: Name=power
Added Room: Name=stm32F7
