Added Component: Designator=U3(STMicroelectronics_LQFP100-1L_MFG)
Add component (AddParameter): Name = "Ambient Temperature Range High"; Value = "+105¢XC"; VariantName = "[No Variations]"
Add component (AddParameter): Name = "Ambient Temperature Range Low"; Value = "-40¢XC"; VariantName = "[No Variations]"
Add component (AddParameter): Name = "Automotive"; Value = "No"; VariantName = "[No Variations]"
Add component (AddParameter): Name = "ComponentLink1Description"; Value = "Upverter"; VariantName = "[No Variations]"
Add component (AddParameter): Name = "ComponentLink1URL"; Value = "https://upverter.com/part/id/ed02b525391d720e/"; VariantName = "[No Variations]"
Add component (AddParameter): Name = "ComponentLink2Description"; Value = "Datasheet"; VariantName = "[No Variations]"
Add component (AddParameter): Name = "ComponentLink2URL"; Value = "https://www.st.com/resource/en/datasheet/stm32f767vi.pdf"; VariantName = "[No Variations]"
Add component (AddParameter): Name = "Core Architecture"; Value = "ARM Cortex-M7"; VariantName = "[No Variations]"
Add component (AddParameter): Name = "Data Bus Width"; Value = "32bits"; VariantName = "[No Variations]"
Add component (AddParameter): Name = "Datasheet Path"; Value = "datasheets/IC_STMicroelectronics_STM32F767VIT6_eec.pdf"; VariantName = "[No Variations]"
Add component (AddParameter): Name = "Digikey Description"; Value = "IC MCU 32BIT 2MB FLASH 100LQFP"; VariantName = "[No Variations]"
Add component (AddParameter): Name = "Digikey Part Number"; Value = "497-16643-ND"; VariantName = "[No Variations]"
Add component (AddParameter): Name = "Frequency"; Value = "216MHz"; VariantName = "[No Variations]"
Add component (AddParameter): Name = "Height"; Value = "1.6mm"; VariantName = "[No Variations]"
Add component (AddParameter): Name = "helpURL"; Value = "https://upverter.com/part/id/ed02b525391d720e/"; VariantName = "[No Variations]"
Add component (AddParameter): Name = "Interface"; Value = "I2C,SPI,UART,USART,CAN,USB,LIN,IrDA,Ethernet,I2S,SMBus,Other"; VariantName = "[No Variations]"
Add component (AddParameter): Name = "Lead Free"; Value = "Yes"; VariantName = "[No Variations]"
Add component (AddParameter): Name = "Manufacturer"; Value = "STMicroelectronics"; VariantName = "[No Variations]"
Add component (AddParameter): Name = "Max Junction Temp"; Value = "+105¢XC"; VariantName = "[No Variations]"
Add component (AddParameter): Name = "Max Supply Voltage"; Value = "3.6V"; VariantName = "[No Variations]"
Add component (AddParameter): Name = "Memory Size"; Value = "2048KBytes"; VariantName = "[No Variations]"
Add component (AddParameter): Name = "Memory Type"; Value = "FLASH"; VariantName = "[No Variations]"
Add component (AddParameter): Name = "Min Supply Voltage"; Value = "1.7V"; VariantName = "[No Variations]"
Add component (AddParameter): Name = "Mouser Part Number"; Value = "511-STM32F767VIT6"; VariantName = "[No Variations]"
Add component (AddParameter): Name = "Number Of A/D Converters"; Value = "3"; VariantName = "[No Variations]"
Add component (AddParameter): Name = "Number Of Adc Channels"; Value = "16"; VariantName = "[No Variations]"
Add component (AddParameter): Name = "Number Of Cores"; Value = "1"; VariantName = "[No Variations]"
Add component (AddParameter): Name = "Number Of Ethernet Channels"; Value = "1"; VariantName = "[No Variations]"
Add component (AddParameter): Name = "Number Of I2C Channels"; Value = "4"; VariantName = "[No Variations]"
Add component (AddParameter): Name = "Number Of I/Os"; Value = "82"; VariantName = "[No Variations]"
Add component (AddParameter): Name = "Number Of Pwm Channels"; Value = "47"; VariantName = "[No Variations]"
Add component (AddParameter): Name = "Number Of Spi Channels"; Value = "4"; VariantName = "[No Variations]"
Add component (AddParameter): Name = "Number Of Timers/Counters"; Value = "15"; VariantName = "[No Variations]"
Add component (AddParameter): Name = "Number Of Uart Channels"; Value = "8"; VariantName = "[No Variations]"
Add component (AddParameter): Name = "Number Of Usb Channels"; Value = "1"; VariantName = "[No Variations]"
Add component (AddParameter): Name = "Package"; Value = "LQFP100-1L"; VariantName = "[No Variations]"
Add component (AddParameter): Name = "Part Number"; Value = "STM32F767VIT6"; VariantName = "[No Variations]"
Add component (AddParameter): Name = "Ram Size"; Value = "512KBytes"; VariantName = "[No Variations]"
Add component (AddParameter): Name = "RoHS"; Value = "TRUE"; VariantName = "[No Variations]"
Add component (AddParameter): Name = "Standoff Height"; Value = "0.05mm"; VariantName = "[No Variations]"
Add component (AddParameter): Name = "Supplier 1"; Value = "Digi-Key"; VariantName = "[No Variations]"
Add component (AddParameter): Name = "Supplier 2"; Value = "Mouser"; VariantName = "[No Variations]"
Add component (AddParameter): Name = "Supplier Part Number 1"; Value = "497-16643-ND"; VariantName = "[No Variations]"
Add component (AddParameter): Name = "Supplier Part Number 2"; Value = "511-STM32F767VIT6"; VariantName = "[No Variations]"
Add component (AddParameter): Name = "Symbol Hash"; Value = "af9ee6311fed7bbc4f3fd7ebc7e65357d2495a4dc773d4cd77cf8f56dcf451db"; VariantName = "[No Variations]"
Add component (AddParameter): Name = "Temperature"; Value = "-40¢XC to +85¢XC"; VariantName = "[No Variations]"
Add component (AddParameter): Name = "Temperature Range High"; Value = "+85¢XC"; VariantName = "[No Variations]"
Add component (AddParameter): Name = "Temperature Range Low"; Value = "-40¢XC"; VariantName = "[No Variations]"
Add component (AddParameter): Name = "Verification Version"; Value = "0.0.0.3"; VariantName = "[No Variations]"
Added Pin To Net: NetName=NetIC1_41 Pin=U3-3
Added Pin To Net: NetName=NetIC1_16 Pin=U3-4
Added Pin To Net: NetName=NetIC1_17 Pin=U3-5
Added Pin To Net: NetName=GND Pin=U3-10
Added Pin To Net: NetName=3V3 Pin=U3-11
Added Pin To Net: NetName=NetC21_2 Pin=U3-12
Added Pin To Net: NetName=NetC22_2 Pin=U3-13
Added Pin To Net: NetName=S32_RST Pin=U3-14
Added Pin To Net: NetName=GND Pin=U3-19
Added Pin To Net: NetName=A3V3 Pin=U3-20
Added Pin To Net: NetName=A3V3 Pin=U3-21
Added Pin To Net: NetName=U0RXD Pin=U3-24
Added Pin To Net: NetName=U0TXD Pin=U3-25
Added Pin To Net: NetName=GND Pin=U3-26
Added Pin To Net: NetName=3V3 Pin=U3-27
Added Pin To Net: NetName=NetIC1_20 Pin=U3-28
Added Pin To Net: NetName=NetU3_29 Pin=U3-29
Added Pin To Net: NetName=PIXEL_WR Pin=U3-30
Added Pin To Net: NetName=NetU3_31 Pin=U3-31
Added Pin To Net: NetName=NetU3_32 Pin=U3-32
Added Pin To Net: NetName=NetP1_2 Pin=U3-46
Added Pin To Net: NetName=NetP1_1 Pin=U3-47
Added Pin To Net: NetName=NetC17_2 Pin=U3-48
Added Pin To Net: NetName=GND Pin=U3-49
Added Pin To Net: NetName=3V3 Pin=U3-50
Added Pin To Net: NetName=NetP1_5 Pin=U3-55
Added Pin To Net: NetName=NetP1_6 Pin=U3-56
Added Pin To Net: NetName=NetIC1_45 Pin=U3-63
Added Pin To Net: NetName=NetIC1_47 Pin=U3-64
Added Pin To Net: NetName=NetIC1_43 Pin=U3-65
Added Pin To Net: NetName=NetIC1_42 Pin=U3-66
Added Pin To Net: NetName=NetIC1_44 Pin=U3-69
Added Pin To Net: NetName=NetU3_72 Pin=U3-72
Added Pin To Net: NetName=NetC18_2 Pin=U3-73
Added Pin To Net: NetName=GND Pin=U3-74
Added Pin To Net: NetName=3V3 Pin=U3-75
Added Pin To Net: NetName=NetU3_76 Pin=U3-76
Added Pin To Net: NetName=NetIC1_18 Pin=U3-78
Added Pin To Net: NetName=NetIC1_19 Pin=U3-80
Added Pin To Net: NetName=NetIC1_15 Pin=U3-84
Added Pin To Net: NetName=NetU3_90 Pin=U3-90
Added Pin To Net: NetName=NetIC1_25 Pin=U3-92
Added Pin To Net: NetName=NetIC1_21 Pin=U3-93
Added Pin To Net: NetName=NetR12_2 Pin=U3-94
Added Pin To Net: NetName=NetIC1_24 Pin=U3-96
Added Pin To Net: NetName=GND Pin=U3-99
Added Pin To Net: NetName=3V3 Pin=U3-100
Added Member To Class: ClassName=stm32F7 Member=Component U3 STM32F767VIT6
