Removed Pin From Net: NetName=3V3 Pin=P2-5
Removed Pin From Net: NetName=GND Pin=P2-6
Change Component Footprint: Designator=P2 Old Footprint=HDR1X6 New Footprint=HDR1X4
Change Component Comment : Designator=P4 Old Comment=ESP_Program New Comment=Header 2
Change Component Comment : Designator=P2 Old Comment=SPI2 New Comment=Header 4
Added Component: Designator=R14(J1-0603)
Add component (AddParameter): Name = "LatestRevisionDate"; Value = "29-May-2009"; VariantName = "[No Variations]"
Add component (AddParameter): Name = "LatestRevisionNote"; Value = "IPC-7351 Footprint Added."; VariantName = "[No Variations]"
Add component (AddParameter): Name = "PackageDescription"; Value = "Chip Resistor"; VariantName = "[No Variations]"
Add component (AddParameter): Name = "PackageReference"; Value = "J1-0603"; VariantName = "[No Variations]"
Add component (AddParameter): Name = "Published"; Value = "8-Jun-2000"; VariantName = "[No Variations]"
Add component (AddParameter): Name = "Publisher"; Value = "Altium Limited"; VariantName = "[No Variations]"
Add component (AddParameter): Name = "Value"; Value = "1.5K"; VariantName = "[No Variations]"
Added Component: Designator=R15(J1-0603)
Add component (AddParameter): Name = "LatestRevisionDate"; Value = "29-May-2009"; VariantName = "[No Variations]"
Add component (AddParameter): Name = "LatestRevisionNote"; Value = "IPC-7351 Footprint Added."; VariantName = "[No Variations]"
Add component (AddParameter): Name = "PackageDescription"; Value = "Chip Resistor"; VariantName = "[No Variations]"
Add component (AddParameter): Name = "PackageReference"; Value = "J1-0603"; VariantName = "[No Variations]"
Add component (AddParameter): Name = "Published"; Value = "8-Jun-2000"; VariantName = "[No Variations]"
Add component (AddParameter): Name = "Publisher"; Value = "Altium Limited"; VariantName = "[No Variations]"
Add component (AddParameter): Name = "Value"; Value = "1.5K"; VariantName = "[No Variations]"
Added Pin To Net: NetName=NetP1_1 Pin=R14-1
Added Pin To Net: NetName=3V3 Pin=R14-2
Added Pin To Net: NetName=NetP1_2 Pin=R15-1
Added Pin To Net: NetName=3V3 Pin=R15-2
Added Member To Class: ClassName=stm32F7 Member=Component R14 Res3
Added Member To Class: ClassName=stm32F7 Member=Component R15 Res3
Added Room: Name=ESP32
Added Room: Name=interconnect
Added Room: Name=Optics
Added Room: Name=power
Added Room: Name=stm32F7
