Change Component Designator: Old Designator=C14 New Designator=C20
Change Component Designator: Old Designator=C? New Designator=C5
Change Component Designator: Old Designator=C? New Designator=C6
Change Component Designator: Old Designator=C? New Designator=C7
Change Component Designator: Old Designator=C? New Designator=C8
Change Component Designator: Old Designator=C? New Designator=C9
Change Component Designator: Old Designator=C? New Designator=C10
Change Component Designator: Old Designator=C? New Designator=C11
Change Component Designator: Old Designator=C? New Designator=C12
Change Component Designator: Old Designator=C? New Designator=C13
Change Component Designator: Old Designator=C? New Designator=C14
Change Component Designator: Old Designator=C? New Designator=C15
Change Component Designator: Old Designator=C? New Designator=C16
Change Component Designator: Old Designator=C? New Designator=C17
Change Component Designator: Old Designator=C? New Designator=C18
Change Component Designator: Old Designator=C? New Designator=C19
Change Component Designator: Old Designator=R15 New Designator=R10
Change Component Designator: Old Designator=R? New Designator=R9
Change Component Designator: Old Designator=U4 New Designator=U1
Change Component Designator: Old Designator=U4 New Designator=U1
Change Component Designator: Old Designator=U4 New Designator=U1
Change Component Designator: Old Designator=U4 New Designator=U1
Change Component Designator: Old Designator=X? New Designator=X1
