Update Managed Component C9 From CMP-03020-000153-1[C1206C104K1RACTU] To CMP-03020-000153-1[C1206C104K1RACTU] in ICM20948.SchDoc
Update Managed Component C10 From CMP-03020-000153-1[C1206C104K1RACTU] To CMP-03020-000153-1[C1206C104K1RACTU] in ICM20948.SchDoc
Update Managed Component C11 From CMP-03020-000153-1[C1206C104K1RACTU] To CMP-03020-000153-1[C1206C104K1RACTU] in ICM20948.SchDoc
Update Managed Component C12 From CMP-2006-02836-2[GRM188R71A225KE15D] To CMP-2006-02836-2[GRM188R71A225KE15D] in ICM20948.SchDoc
Update Managed Component C13 From CMP-03020-021723-1[C1206C103K1RACTU] To CMP-03020-021723-1[C1206C103K1RACTU] in ICM20948.SchDoc
Update Managed Component C14 From CMP-1036-04746-2[C0805C105K4PACTU] To CMP-1036-04746-2[C0805C105K4PACTU] in ICM20948.SchDoc
Update Managed Component Q1 From CMP-002-000000-1[RE1C002UNTCL] To CMP-002-000000-1[RE1C002UNTCL] in ICM20948.SchDoc
Update Managed Component Q2 From CMP-002-000000-1[RE1C002UNTCL] To CMP-002-000000-1[RE1C002UNTCL] in ICM20948.SchDoc
Update Managed Component Q3 From CMP-002-000000-1[RE1C002UNTCL] To CMP-002-000000-1[RE1C002UNTCL] in ICM20948.SchDoc
Update Managed Component Q4 From CMP-002-000000-1[RE1C002UNTCL] To CMP-002-000000-1[RE1C002UNTCL] in ICM20948.SchDoc
Update Managed Component R7 From CMP-2000-00336-1[ERJ3EKF2201V] To CMP-2000-00336-1[ERJ3EKF2201V] in ICM20948.SchDoc
Update Managed Component R8 From CMP-2000-00336-1[ERJ3EKF2201V] To CMP-2000-00336-1[ERJ3EKF2201V] in ICM20948.SchDoc
Update Managed Component R9 From CMP-2000-00336-1[ERJ3EKF2201V] To CMP-2000-00336-1[ERJ3EKF2201V] in ICM20948.SchDoc
Update Managed Component R10 From CMP-2000-00336-1[ERJ3EKF2201V] To CMP-2000-00336-1[ERJ3EKF2201V] in ICM20948.SchDoc
Update Managed Component R11 From CMP-2000-00336-1[ERJ3EKF2201V] To CMP-2000-00336-1[ERJ3EKF2201V] in ICM20948.SchDoc
Update Managed Component R12 From CMP-2000-00336-1[ERJ3EKF2201V] To CMP-2000-00336-1[ERJ3EKF2201V] in ICM20948.SchDoc
Update Managed Component R13 From CMP-2000-00336-1[ERJ3EKF2201V] To CMP-2000-00336-1[ERJ3EKF2201V] in ICM20948.SchDoc
Update Managed Component R14 From CMP-2000-00336-1[ERJ3EKF2201V] To CMP-2000-00336-1[ERJ3EKF2201V] in ICM20948.SchDoc
Update Managed Component U3 From CMP-221217-000001-1[ICM-20948] To CMP-221217-000001-1[ICM-20948] in ICM20948.SchDoc
Update Managed Component U4 From CMP-0062-01840-2[LP2985AIM5-1.8/NOPB] To CMP-0062-01840-2[LP2985AIM5-1.8/NOPB] in ICM20948.SchDoc
