Removed Member From Class: ClassName=U_main UI Member=C7
Removed Member From Class: ClassName=ESP32 Member=C8
Removed Member From Class: ClassName=U_main UI Member=C9
Removed Member From Class: ClassName=power Member=C21
Removed Member From Class: ClassName=U_optics Member=C28
Removed Member From Class: ClassName=U_main UI Member=C30
Removed Member From Class: ClassName=power Member=C34
Removed Member From Class: ClassName=MCU Member=P1
Removed Member From Class: ClassName=U_main UI Member=R10
Removed Member From Class: ClassName=power Member=R18
Removed Member From Class: ClassName=power Member=R21
Removed Member From Class: ClassName=power Member=R24
Removed Member From Class: ClassName=U_main UI Member=R25
Change Component Designator: OldDesignator=C1 NewDesignator=C28
Change Component Designator: OldDesignator=C2 NewDesignator=C24
Change Component Designator: OldDesignator=C3 NewDesignator=C26
Change Component Designator: OldDesignator=C4 NewDesignator=C25
Change Component Designator: OldDesignator=C5 NewDesignator=C27
Change Component Designator: OldDesignator=C6 NewDesignator=C1
Change Component Designator: OldDesignator=C7 NewDesignator=C23
Change Component Designator: OldDesignator=C8 NewDesignator=C29
Change Component Designator: OldDesignator=C9 NewDesignator=C22
Change Component Designator: OldDesignator=C10 NewDesignator=C21
Change Component Designator: OldDesignator=C11 NewDesignator=C39
Change Component Designator: OldDesignator=C12 NewDesignator=C40
Change Component Designator: OldDesignator=C13 NewDesignator=C41
Change Component Designator: OldDesignator=C14 NewDesignator=C42
Change Component Designator: OldDesignator=C15 NewDesignator=C43
Change Component Designator: OldDesignator=C16 NewDesignator=C44
Change Component Designator: OldDesignator=C17 NewDesignator=C33
Change Component Designator: OldDesignator=C18 NewDesignator=C34
Change Component Designator: OldDesignator=C19 NewDesignator=C35
Change Component Designator: OldDesignator=C20 NewDesignator=C36
Change Component Designator: OldDesignator=C21 NewDesignator=C37
Change Component Designator: OldDesignator=C22 NewDesignator=C38
Change Component Designator: OldDesignator=C23 NewDesignator=C32
Change Component Designator: OldDesignator=C24 NewDesignator=C30
Change Component Designator: OldDesignator=C25 NewDesignator=C31
Change Component Designator: OldDesignator=C26 NewDesignator=C4
Change Component Designator: OldDesignator=C27 NewDesignator=C3
Change Component Designator: OldDesignator=C28 NewDesignator=C2
Change Component Designator: OldDesignator=C29 NewDesignator=C6
Change Component Designator: OldDesignator=C30 NewDesignator=C5
Change Component Designator: OldDesignator=C31 NewDesignator=C15
Change Component Designator: OldDesignator=C32 NewDesignator=C16
Change Component Designator: OldDesignator=C33 NewDesignator=C17
Change Component Designator: OldDesignator=C34 NewDesignator=C8
Change Component Designator: OldDesignator=C35 NewDesignator=C18
Change Component Designator: OldDesignator=C36 NewDesignator=C19
Change Component Designator: OldDesignator=C37 NewDesignator=C7
Change Component Designator: OldDesignator=IC2 NewDesignator=IC4
Change Component Designator: OldDesignator=IC4 NewDesignator=IC2
Change Component Designator: OldDesignator=J1 NewDesignator=J4
Change Component Designator: OldDesignator=J2 NewDesignator=J7
Change Component Designator: OldDesignator=J4 NewDesignator=J2
Change Component Designator: OldDesignator=J5 NewDesignator=J8
Change Component Designator: OldDesignator=J6 NewDesignator=J5
Change Component Designator: OldDesignator=J7 NewDesignator=J6
Change Component Designator: OldDesignator=J8 NewDesignator=J1
Change Component Designator: OldDesignator=K1 NewDesignator=K6
Change Component Designator: OldDesignator=K2 NewDesignator=K5
Change Component Designator: OldDesignator=K3 NewDesignator=K4
Change Component Designator: OldDesignator=K4 NewDesignator=K3
Change Component Designator: OldDesignator=K5 NewDesignator=K2
Change Component Designator: OldDesignator=K6 NewDesignator=K1
Change Component Designator: OldDesignator=LED1 NewDesignator=LED5
Change Component Designator: OldDesignator=LED2 NewDesignator=LED6
Change Component Designator: OldDesignator=LED5 NewDesignator=LED1
Change Component Designator: OldDesignator=LED6 NewDesignator=LED2
Change Component Designator: OldDesignator=P1 NewDesignator=P3
Change Component Designator: OldDesignator=P3 NewDesignator=P1
Change Component Designator: OldDesignator=Q1 NewDesignator=Q5
Change Component Designator: OldDesignator=R1 NewDesignator=R26
Change Component Designator: OldDesignator=R2 NewDesignator=R1
Change Component Designator: OldDesignator=R3 NewDesignator=R24
Change Component Designator: OldDesignator=R4 NewDesignator=R2
Change Component Designator: OldDesignator=R5 NewDesignator=R22
Change Component Designator: OldDesignator=R6 NewDesignator=R25
Change Component Designator: OldDesignator=R7 NewDesignator=R21
Change Component Designator: OldDesignator=R8 NewDesignator=R19
Change Component Designator: OldDesignator=R9 NewDesignator=R18
Change Component Designator: OldDesignator=R10 NewDesignator=R17
Change Component Designator: OldDesignator=R11 NewDesignator=R33
Change Component Designator: OldDesignator=R12 NewDesignator=R32
Change Component Designator: OldDesignator=R13 NewDesignator=R31
Change Component Designator: OldDesignator=R14 NewDesignator=R30
Change Component Designator: OldDesignator=R15 NewDesignator=R29
Change Component Designator: OldDesignator=R16 NewDesignator=R28
Change Component Designator: OldDesignator=R17 NewDesignator=R27
Change Component Designator: OldDesignator=R18 NewDesignator=R23
Change Component Designator: OldDesignator=R19 NewDesignator=R15
Change Component Designator: OldDesignator=R20 NewDesignator=R6
Change Component Designator: OldDesignator=R21 NewDesignator=R5
Change Component Designator: OldDesignator=R22 NewDesignator=R4
Change Component Designator: OldDesignator=R23 NewDesignator=R3
Change Component Designator: OldDesignator=R24 NewDesignator=R20
Change Component Designator: OldDesignator=R25 NewDesignator=R16
Added Component: Designator=C20(1608[0603]_M)
Add component (AddParameter): Name = "Value"; Value = "0.1uF"; VariantName = "[No Variations]"
Added Pin To Net: NetName=GND Pin=C20-1
Added Pin To Net: NetName=A3V3 Pin=C20-2
Added Member To Class: ClassName=ESP32 Member=Component C1 GRM1885C1H101JA01D
Added Member To Class: ClassName=power Member=Component C4 CAP 22uF 6.3V 1206(3216)
Added Member To Class: ClassName=power Member=Component C6 C1206C104K1RACTU
Added Member To Class: ClassName=power Member=Component C7 GRM155R60J475ME47D
Added Member To Class: ClassName=MCU Member=Component C18 0.1uF
Added Member To Class: ClassName=U_optics Member=Component C24 0.1uF
Added Member To Class: ClassName=U_main UI Member=Component C26 10nF
Added Member To Class: ClassName=U_main UI Member=Component C34 10nF
Added Member To Class: ClassName=U_main UI Member=Component C38 10nF
Added Member To Class: ClassName=U_main UI Member=Component C43 10nF
Added Member To Class: ClassName=U_main UI Member=Component C44 10nF
Added Member To Class: ClassName=ESP32 Member=Component J2 Socket
Added Member To Class: ClassName=ESP32 Member=Component J4 Socket
Added Member To Class: ClassName=ESP32 Member=Component J7 Socket
Added Member To Class: ClassName=U_main UI Member=Component K4 SELF-CAP-TOUCH-SENSOR-PAD
Added Member To Class: ClassName=U_main UI Member=Component K5 SELF-CAP-TOUCH-SENSOR-PAD
Added Member To Class: ClassName=U_main UI Member=Component K6 SELF-CAP-TOUCH-SENSOR-PAD
Added Member To Class: ClassName=U_main UI Member=Component LED5 ASMB-MTB0-0A3A2 reverse mount as through hole
Added Member To Class: ClassName=U_main UI Member=Component LED6 ASMB-MTB0-0A3A2 reverse mount as through hole
Added Member To Class: ClassName=MCU Member=Component P4 Connector 5
Added Member To Class: ClassName=ESP32 Member=Component R1 ERJ-3EKF1001V
Added Member To Class: ClassName=power Member=Component R3 ERJ-3EKF2004V
Added Member To Class: ClassName=power Member=Component R4 ERJ-3EKF2004V
Added Member To Class: ClassName=power Member=Component R6 ERJ-3EKF2203V
Added Member To Class: ClassName=U_optics Member=Component R24 10K
Added Member To Class: ClassName=U_main UI Member=Component R27 47K
Added Member To Class: ClassName=U_main UI Member=Component R28 4K7
Added Room: Name=ESP32
Added Room: Name=interconnect
Added Room: Name=MCU
Added Room: Name=power
Added Room: Name=U_main UI
Added Room: Name=U_optics
