Change Physical Footprint: Designator=C1 Old Footprint=CAPC1608X90X35ML10T15 New Footprint=CAPC1608X90X35ML10T15
Change Physical Footprint: Designator=C2 Old Footprint=CAPC1608X90X35ML10T15 New Footprint=CAPC1608X90X35ML10T15
Change Physical Footprint: Designator=C3 Old Footprint=FP-C1206C-EB-MFG New Footprint=FP-C1206C-EB-MFG
Change Physical Footprint: Designator=C4 Old Footprint=CAPC1206(3216)190_M New Footprint=CAPC1206(3216)190_M
Change Physical Footprint: Designator=C5 Old Footprint=FP-GRM188-0_1-e0_2_0_55-MFG New Footprint=FP-GRM188-0_1-e0_2_0_55-MFG
Change Physical Footprint: Designator=C6 Old Footprint=FP-C1206C-EB-MFG New Footprint=FP-C1206C-EB-MFG
Change Physical Footprint: Designator=C7 Old Footprint=FP-GRM155-0_1-IPC_B New Footprint=FP-GRM155-0_1-IPC_B
Change Physical Footprint: Designator=C8 Old Footprint=FP-GRM155-0_1-IPC_B New Footprint=FP-GRM155-0_1-IPC_B
Change Physical Footprint: Designator=C9 Old Footprint=1608[0603]_M New Footprint=1608[0603]_M
Change Physical Footprint: Designator=C10 Old Footprint=1608[0603]_M New Footprint=1608[0603]_M
Change Physical Footprint: Designator=C11 Old Footprint=1608[0603]_M New Footprint=1608[0603]_M
Change Physical Footprint: Designator=C12 Old Footprint=1608[0603]_M New Footprint=1608[0603]_M
Change Physical Footprint: Designator=C13 Old Footprint=1608[0603]_M New Footprint=1608[0603]_M
Change Physical Footprint: Designator=C14 Old Footprint=1608[0603]_M New Footprint=1608[0603]_M
Change Physical Footprint: Designator=C15 Old Footprint=1608[0603]_M New Footprint=1608[0603]_M
Change Physical Footprint: Designator=C16 Old Footprint=1608[0603]_M New Footprint=1608[0603]_M
Change Physical Footprint: Designator=C17 Old Footprint=1608[0603]_M New Footprint=1608[0603]_M
Change Physical Footprint: Designator=C18 Old Footprint=1608[0603]_M New Footprint=1608[0603]_M
Change Physical Footprint: Designator=C19 Old Footprint=1608[0603]_M New Footprint=1608[0603]_M
Change Physical Footprint: Designator=C20 Old Footprint=1608[0603]_M New Footprint=1608[0603]_M
Change Physical Footprint: Designator=C21 Old Footprint=1608[0603]_M New Footprint=1608[0603]_M
Change Physical Footprint: Designator=C22 Old Footprint=1608[0603]_M New Footprint=1608[0603]_M
Change Physical Footprint: Designator=C23 Old Footprint=1608[0603]_M New Footprint=1608[0603]_M
Change Physical Footprint: Designator=C24 Old Footprint=1608[0603]_M New Footprint=1608[0603]_M
Change Physical Footprint: Designator=C25 Old Footprint=1608[0603]_M New Footprint=1608[0603]_M
Change Physical Footprint: Designator=C26 Old Footprint=1608[0603]_M New Footprint=1608[0603]_M
Change Physical Footprint: Designator=C27 Old Footprint=1608[0603]_M New Footprint=1608[0603]_M
Change Physical Footprint: Designator=C28 Old Footprint=1608[0603]_M New Footprint=1608[0603]_M
Change Physical Footprint: Designator=C29 Old Footprint=1608[0603]_M New Footprint=1608[0603]_M
Change Physical Footprint: Designator=C30 Old Footprint=1608[0603]_M New Footprint=1608[0603]_M
Change Physical Footprint: Designator=C31 Old Footprint=1608[0603]_M New Footprint=1608[0603]_M
Change Physical Footprint: Designator=C32 Old Footprint=1608[0603]_M New Footprint=1608[0603]_M
Change Physical Footprint: Designator=C33 Old Footprint=1608[0603]_M New Footprint=1608[0603]_M
Change Physical Footprint: Designator=C34 Old Footprint=1608[0603]_M New Footprint=1608[0603]_M
Change Physical Footprint: Designator=C35 Old Footprint=1608[0603]_M New Footprint=1608[0603]_M
Change Physical Footprint: Designator=C36 Old Footprint=1608[0603]_M New Footprint=1608[0603]_M
Change Physical Footprint: Designator=C37 Old Footprint=1608[0603]_M New Footprint=1608[0603]_M
Change Physical Footprint: Designator=C38 Old Footprint=1608[0603]_M New Footprint=1608[0603]_M
Change Physical Footprint: Designator=IC1 Old Footprint=TQFP-64_M New Footprint=TQFP-64_M
Change Physical Footprint: Designator=IC2 Old Footprint=CLCC-48_m New Footprint=CLCC-48_m
Change Physical Footprint: Designator=IC3 Old Footprint=VQFN-20-EXPOSED-PAD_M New Footprint=VQFN-20-EXPOSED-PAD_M
Change Physical Footprint: Designator=IC4 Old Footprint=VQFN-32_M New Footprint=VQFN-32_M
Change Physical Footprint: Designator=J1 Old Footprint=MOLX-503480-1000 New Footprint=MOLX-503480-1000
Change Physical Footprint: Designator=J2 Old Footprint=PIN1 New Footprint=PIN1
Change Physical Footprint: Designator=J3 Old Footprint=MOLX-503480-1000 New Footprint=MOLX-503480-1000
Change Physical Footprint: Designator=J4 Old Footprint=PIN1 New Footprint=PIN1
Change Physical Footprint: Designator=J5 Old Footprint=PIN1 New Footprint=PIN1
Change Physical Footprint: Designator=J6 Old Footprint=PIN1 New Footprint=PIN1
Change Physical Footprint: Designator=J7 Old Footprint=PIN1 New Footprint=PIN1
Change Physical Footprint: Designator=J8 Old Footprint=PIN1 New Footprint=PIN1
Change Physical Footprint: Designator=L1 Old Footprint=BOUR-SRN3015-2_V New Footprint=BOUR-SRN3015-2_V
Change Physical Footprint: Designator=LED1 Old Footprint=CABLE-TERMINAL1x2 New Footprint=CABLE-TERMINAL1x2
Change Physical Footprint: Designator=LED2 Old Footprint=CABLE-TERMINAL1x2 New Footprint=CABLE-TERMINAL1x2
Change Physical Footprint: Designator=LED3 Old Footprint=CABLE-TERMINAL1x2 New Footprint=CABLE-TERMINAL1x2
Change Physical Footprint: Designator=MD1 Old Footprint=FP-ESP32-WROOM-32-MFG New Footprint=FP-ESP32-WROOM-32-MFG
Change Physical Footprint: Designator=P1 Old Footprint=New footprint 1 New Footprint=New footprint 1
Change Physical Footprint: Designator=P2 Old Footprint=HDR1X2 New Footprint=HDR1X2
Change Physical Footprint: Designator=P3 Old Footprint=HDR1X3 New Footprint=HDR1X3
Change Physical Footprint: Designator=P4 Old Footprint=BM05B-SRSS_N New Footprint=BM05B-SRSS_N
Change Physical Footprint: Designator=Q1 Old Footprint=SOT23-3_N New Footprint=SOT23-3_N
Change Physical Footprint: Designator=R1 Old Footprint=RESC1608X55X30ML15T15 New Footprint=RESC1608X55X30ML15T15
Change Physical Footprint: Designator=R2 Old Footprint=RESC1608X55X30ML15T15 New Footprint=RESC1608X55X30ML15T15
Change Physical Footprint: Designator=R3 Old Footprint=RESC1608X55X30NL15T15 New Footprint=RESC1608X55X30NL15T15
Change Physical Footprint: Designator=R4 Old Footprint=RESC1608X55X30NL15T15 New Footprint=RESC1608X55X30NL15T15
Change Physical Footprint: Designator=R5 Old Footprint=RESC1608X55X30ML15T15 New Footprint=RESC1608X55X30ML15T15
Change Physical Footprint: Designator=R6 Old Footprint=RESC1608X55X30ML15T15 New Footprint=RESC1608X55X30ML15T15
Change Physical Footprint: Designator=R7 Old Footprint=1608[0603]_M New Footprint=1608[0603]_M
Change Physical Footprint: Designator=R8 Old Footprint=1608[0603]_M New Footprint=1608[0603]_M
Change Physical Footprint: Designator=R9 Old Footprint=1608[0603]_M New Footprint=1608[0603]_M
Change Physical Footprint: Designator=R10 Old Footprint=1608[0603]_M New Footprint=1608[0603]_M
Change Physical Footprint: Designator=R11 Old Footprint=1608[0603]_M New Footprint=1608[0603]_M
Change Physical Footprint: Designator=R12 Old Footprint=1608[0603]_M New Footprint=1608[0603]_M
Change Physical Footprint: Designator=R13 Old Footprint=1608[0603]_M New Footprint=1608[0603]_M
Change Physical Footprint: Designator=R14 Old Footprint=1608[0603]_M New Footprint=1608[0603]_M
Change Physical Footprint: Designator=R15 Old Footprint=1608[0603]_M New Footprint=1608[0603]_M
Change Physical Footprint: Designator=R16 Old Footprint=1608[0603]_M New Footprint=1608[0603]_M
Change Physical Footprint: Designator=R17 Old Footprint=1608[0603]_M New Footprint=1608[0603]_M
Change Physical Footprint: Designator=R18 Old Footprint=1608[0603]_M New Footprint=1608[0603]_M
Change Physical Footprint: Designator=R19 Old Footprint=1608[0603]_M New Footprint=1608[0603]_M
Change Physical Footprint: Designator=R20 Old Footprint=1608[0603]_M New Footprint=1608[0603]_M
Change Physical Footprint: Designator=R21 Old Footprint=1608[0603]_M New Footprint=1608[0603]_M
Change Physical Footprint: Designator=R22 Old Footprint=1608[0603]_M New Footprint=1608[0603]_M
Change Physical Footprint: Designator=R23 Old Footprint=1608[0603]_M New Footprint=1608[0603]_M
Change Physical Footprint: Designator=R24 Old Footprint=1608[0603]_M New Footprint=1608[0603]_M
Change Physical Footprint: Designator=R25 Old Footprint=1608[0603]_M New Footprint=1608[0603]_M
Change Physical Footprint: Designator=R26 Old Footprint=2012[0805]_M New Footprint=2012[0805]_M
Change Physical Footprint: Designator=R27 Old Footprint=2012[0805]_M New Footprint=2012[0805]_M
Change Physical Footprint: Designator=R28 Old Footprint=2012[0805]_M New Footprint=2012[0805]_M
Change Physical Footprint: Designator=SW1 Old Footprint=FP-B3U-1100P-MFG New Footprint=FP-B3U-1100P-MFG
Change Physical Footprint: Designator=SW2 Old Footprint=FP-B3U-1100P-MFG New Footprint=FP-B3U-1100P-MFG
Change Physical Footprint: Designator=U1 Old Footprint=DRC0010J_V New Footprint=DRC0010J_V
Change Physical Footprint: Designator=U2 Old Footprint=MF05A_L New Footprint=MF05A_L
